#
# A fatal error has been detected by the Java Runtime Environment:
#
#  Internal Error (jvmciRuntime.cpp:1609), pid=30, tid=45
#  fatal error: Fatal exception in JVMCI: Error calling jdk.vm.ci.services.Services.serializeSavedProperties
#
# JRE version: OpenJDK Runtime Environment GraalVM CE 22.3.0 (17.0.5+8) (build 17.0.5+8-jvmci-22.3-b08)
# Java VM: OpenJDK 64-Bit Server VM GraalVM CE 22.3.0 (17.0.5+8-jvmci-22.3-b08, mixed mode, sharing, tiered, jvmci, jvmci compiler, compressed oops, compressed class ptrs, parallel gc, linux-amd64)
# Problematic frame:
# V  [libjvm.so+0x972714]  JVMCIRuntime::fatal_exception(JVMCIEnv*, char const*)+0x74
#
# Core dump will be written. Default location: Core dumps may be processed with "/usr/share/apport/apport -p%p -s%s -c%c -d%d -P%P -u%u -g%g -- %E" (or dumping to /home/runner/ObjOr-Battleship/core.30)
#
# If you would like to submit a bug report, please visit:
#   https://github.com/oracle/graal/issues
#

---------------  S U M M A R Y ------------

Command Line: -XX:ThreadPriorityPolicy=1 -XX:+UnlockExperimentalVMOptions -XX:+EnableJVMCIProduct -XX:JVMCIThreadsPerNativeLibraryRuntime=1 -XX:-UnlockExperimentalVMOptions -Declipse.application=org.eclipse.jdt.ls.core.id1 -Dosgi.bundles.defaultStartLevel=4 -Declipse.product=org.eclipse.jdt.ls.core.product -Dlog.level=ALL -Xverify:none -XX:+UseParallelGC -XX:GCTimeRatio=4 -XX:AdaptiveSizePolicyWeight=90 -Dsun.zip.disableMemoryMapping=true -Xmx512m -Xms100m /nix/store/m6gcpi1ii6rghy04cjwjddcavv7i90df-jdt-language-server-1.9.0/share/java/plugins/org.eclipse.equinox.launcher_1.6.400.v20210924-0641.jar --add-modules=ALL-SYSTEM --add-opens java.base/java.util=ALL-UNNAMED --add-opens java.base/java.lang=ALL-UNNAMED -configuration /home/runner/.cache/jdt-language-server/config -data /home/runner/.cache/jdt-language-server/data/home/runner/ObjOr-Battleship

Host: AMD EPYC 7B12, 8 cores, 1G, Ubuntu 20.04.2 LTS
Time: Thu May 11 01:00:49 2023 UTC elapsed time: 395.358659 seconds (0d 0h 6m 35s)

---------------  T H R E A D  ---------------

Current thread (0x00007f9ee00b21e0):  JavaThread "JVMCI-native CompilerThread0" daemon [_thread_in_vm, id=45, stack(0x00007f9ec621a000,0x00007f9ec641a000)]


Current CompileTask:
JVMCI-native: 395358 10310  s    4       java.lang.StringBuffer::append (15 bytes)

Stack: [0x00007f9ec621a000,0x00007f9ec641a000],  sp=0x00007f9ec6418380,  free space=2040k
Native frames: (J=compiled Java code, j=interpreted, Vv=VM code, C=native code)
V  [libjvm.so+0x972714]  JVMCIRuntime::fatal_exception(JVMCIEnv*, char const*)+0x74
V  [libjvm.so+0x93e2fe]  JVMCIEnv::copy_saved_properties()+0x14e
V  [libjvm.so+0x9732a9]  JVMCIRuntime::initialize(JVMCIEnv*)+0xb19
V  [libjvm.so+0x9738a2]  JVMCIRuntime::get_HotSpotJVMCIRuntime(JVMCIEnv*)+0x12
V  [libjvm.so+0x9749f2]  JVMCIRuntime::compile_method(JVMCIEnv*, JVMCICompiler*, methodHandle const&, int)+0xd2
V  [libjvm.so+0x5b0d20]  CompileBroker::invoke_compiler_on_method(CompileTask*)+0x1470
V  [libjvm.so+0x5b12e8]  CompileBroker::compiler_thread_loop()+0x528
V  [libjvm.so+0xd82460]  JavaThread::thread_main_inner()+0xd0
V  [libjvm.so+0xd85a40]  Thread::call_run()+0xc0
V  [libjvm.so+0xbdb1e1]  thread_native_entry(Thread*)+0xe1

Register to memory mapping:

RAX=0x00007f9ee5ee3000 points into unknown readable memory: 0x0000000000000058 | 58 00 00 00 00 00 00 00
RBX=0x00007f9ee6fde398: <offset 0x0000000000ef5398> in /nix/store/gpxl5qgg8kicmcvivwmybwjlpf7wh20l-graalvm17-ce-22.3.0/lib/server/libjvm.so at 0x00007f9ee60e9000
RCX=0x00007f9ee6f961e8: <offset 0x0000000000ead1e8> in /nix/store/gpxl5qgg8kicmcvivwmybwjlpf7wh20l-graalvm17-ce-22.3.0/lib/server/libjvm.so at 0x00007f9ee60e9000
RDX=0x0000000000000649 is an unknown value
RSP=0x00007f9ec6418380 is pointing into the stack for thread: 0x00007f9ee00b21e0
RBP=0x00007f9ec64183a0 is pointing into the stack for thread: 0x00007f9ee00b21e0
RSI=0x00007f9ee6fdec48: <offset 0x0000000000ef5c48> in /nix/store/gpxl5qgg8kicmcvivwmybwjlpf7wh20l-graalvm17-ce-22.3.0/lib/server/libjvm.so at 0x00007f9ee60e9000
RDI=0x00000000e0000000 is an oop: java.lang.String 
{0x00000000e0000000} - klass: 'java/lang/String'
 - string: "resolution"
R8 =0x00007f9ee6fde398: <offset 0x0000000000ef5398> in /nix/store/gpxl5qgg8kicmcvivwmybwjlpf7wh20l-graalvm17-ce-22.3.0/lib/server/libjvm.so at 0x00007f9ee60e9000
R9 =0x00007f9ec6418330 is pointing into the stack for thread: 0x00007f9ee00b21e0
R10=0x00007f9ec6419948 is pointing into the stack for thread: 0x00007f9ee00b21e0
R11=0x0000000000000293 is an unknown value
R12=0x0 is NULL
R13=0x00007f9ee00b21e0 is a thread
R14=0x00007f9ee0000b80 points into unknown readable memory: 0x00007f9ee720fa38 | 38 fa 20 e7 9e 7f 00 00
R15=0x00007f9ee731de40: <offset 0x0000000001234e40> in /nix/store/gpxl5qgg8kicmcvivwmybwjlpf7wh20l-graalvm17-ce-22.3.0/lib/server/libjvm.so at 0x00007f9ee60e9000


Registers:
RAX=0x00007f9ee5ee3000, RBX=0x00007f9ee6fde398, RCX=0x00007f9ee6f961e8, RDX=0x0000000000000649
RSP=0x00007f9ec6418380, RBP=0x00007f9ec64183a0, RSI=0x00007f9ee6fdec48, RDI=0x00000000e0000000
R8 =0x00007f9ee6fde398, R9 =0x00007f9ec6418330, R10=0x00007f9ec6419948, R11=0x0000000000000293
R12=0x0000000000000000, R13=0x00007f9ee00b21e0, R14=0x00007f9ee0000b80, R15=0x00007f9ee731de40
RIP=0x00007f9ee6a5b714, EFLAGS=0x0000000000010206, CSGSFS=0x002b000000000033, ERR=0x0000000000000006
  TRAPNO=0x000000000000000e

Top of Stack: (sp=0x00007f9ec6418380)
0x00007f9ec6418380:   00007f9ec6418940 00007f9ee00b21e0
0x00007f9ec6418390:   00007f9ee48748c8 0000000800c417a0
0x00007f9ec64183a0:   00007f9ec6418500 00007f9ee6a272fe
0x00007f9ec64183b0:   00007f9ec64183e0 00007f9ec6418440 

Instructions: (pc=0x00007f9ee6a5b714)
0x00007f9ee6a5b614:   30 e8 f6 cf e8 ff 4c 89 e7 e8 2e 48 d1 ff 84 db
0x00007f9ee6a5b624:   75 2a 4d 85 ed 74 04 4d 8b 6d 00 48 83 c4 08 44
0x00007f9ee6a5b634:   89 f9 4c 89 f2 4c 89 ee 5b 4c 89 e7 41 5c 41 5d
0x00007f9ee6a5b644:   41 5e 41 5f 5d e9 e2 47 d1 ff 66 90 48 83 c4 08
0x00007f9ee6a5b654:   5b 41 5c 41 5d 41 5e 41 5f 5d c3 90 31 d2 be 08
0x00007f9ee6a5b664:   00 00 00 4c 89 ff e8 b1 78 a3 ff 49 89 c5 e9 37
0x00007f9ee6a5b674:   ff ff ff 66 0f 1f 84 00 00 00 00 00 48 8b 7a 08
0x00007f9ee6a5b684:   e9 6d ff ff ff 0f 1f 80 00 00 00 00 e8 5b 48 0a
0x00007f9ee6a5b694:   00 84 c0 75 89 e9 6a ff ff ff 66 90 55 48 89 e5
0x00007f9ee6a5b6a4:   41 56 41 55 41 54 49 89 fc 53 48 89 f3 66 48 8d
0x00007f9ee6a5b6b4:   3d 27 5e 85 00 66 66 48 e8 df 43 8d ff 4c 8b 28
0x00007f9ee6a5b6c4:   8b 05 be 72 8a 00 85 c0 75 14 ba 01 00 00 00 48
0x00007f9ee6a5b6d4:   8d 0d ae 72 8a 00 f0 0f b1 11 85 c0 74 4e be c8
0x00007f9ee6a5b6e4:   00 00 00 4c 89 ef e8 01 0b 41 00 48 8d 05 12 ac
0x00007f9ee6a5b6f4:   85 00 49 89 d8 48 8d 0d e8 aa 53 00 ba 49 06 00
0x00007f9ee6a5b704:   00 48 8d 35 3c 35 58 00 bf 00 00 00 e0 48 8b 00
0x00007f9ee6a5b714:   c6 00 58 31 c0 e8 e2 91 c6 ff 5b 41 5c 41 5d 41
0x00007f9ee6a5b724:   5e 5d e9 55 34 26 00 0f 1f 44 00 00 48 8d 05 81
0x00007f9ee6a5b734:   a3 8b 00 48 89 df 4c 8b 30 e8 9e 43 8d ff 48 89
0x00007f9ee6a5b744:   de 48 89 c2 49 8b 06 4c 89 f7 ff 50 08 4c 89 f7
0x00007f9ee6a5b754:   e8 a7 5c 27 00 4d 85 e4 74 12 be 01 00 00 00 4c
0x00007f9ee6a5b764:   89 e7 e8 35 43 fc ff eb 82 0f 1f 00 be 01 00 00
0x00007f9ee6a5b774:   00 4c 89 ef e8 d3 fd ff ff e9 6d ff ff ff 66 66
0x00007f9ee6a5b784:   2e 0f 1f 84 00 00 00 00 00 0f 1f 00 55 48 89 e5
0x00007f9ee6a5b794:   41 57 41 56 41 55 41 54 53 48 81 ec 08 02 00 00
0x00007f9ee6a5b7a4:   64 48 8b 04 25 28 00 00 00 48 89 45 c8 8b 07 83
0x00007f9ee6a5b7b4:   f8 02 0f 84 11 04 00 00 4c 8b 6f 18 49 89 ff 49
0x00007f9ee6a5b7c4:   89 f4 4d 85 ed 74 14 4c 89 ef e8 5d 57 22 00 41
0x00007f9ee6a5b7d4:   8b 07 83 f8 02 0f 84 19 04 00 00 48 8d 1d 9a 06
0x00007f9ee6a5b7e4:   8a 00 4c 8d 35 0b 3c 58 00 eb 38 90 48 85 d2 7f
0x00007f9ee6a5b7f4:   0d 48 8d 05 b4 c0 85 00 48 83 38 00 7e 0e 41 8b
0x00007f9ee6a5b804:   77 2c 4c 89 f7 31 c0 e8 a0 b2 f7 ff 49 8b 7f 18 


Stack slot to memory mapping:
stack at sp + 0 slots: 0x00007f9ec6418940 is pointing into the stack for thread: 0x00007f9ee00b21e0
stack at sp + 1 slots: 0x00007f9ee00b21e0 is a thread
stack at sp + 2 slots: 0x00007f9ee48748c8 points into unknown readable memory: 0x65730018052dffff | ff ff 2d 05 18 00 73 65
stack at sp + 3 slots: 0x0000000800c417a0 is a pointer to class: 
jdk.vm.ci.services.Services {0x0000000800c417a0}
 - instance size:     2
 - klass size:        65
 - access:            public final synchronized 
 - state:             fully_initialized
 - name:              'jdk/vm/ci/services/Services'
 - super:             'java/lang/Object'
 - sub:               
 - arrays:            NULL
 - methods:           Array<T>(0x00007f9ec6c44370)
 - method ordering:   Array<T>(0x0000000800928960)
 - default_methods:   Array<T>(0x0000000000000000)
 - local interfaces:  Array<T>(0x00000008005ce810)
 - trans. interfaces: Array<T>(0x00000008005ce810)
 - constants:         constant pool [427] {0x00007f9ec6c43450} for 'jdk/vm/ci/services/Services' cache=0x00007f9ec6c45640
 - class loader data:  loader data: 0x00007f9ee00283f0 of 'bootstrap'
 - source file:       'Services.java'
 - class annotations:       Array<T>(0x0000000000000000)
 - class type annotations:  Array<T>(0x0000000000000000)
 - field annotations:       Array<T>(0x0000000000000000)
 - field type annotations:  Array<T>(0x0000000000000000)
 - inner classes:     Array<T>(0x00007f9ec6c45610)
 - nest members:     Array<T>(0x00007f9ec6c45630)
 - permitted subclasses:     Array<T>(0x00000008005ce7a0)
 - java mirror:       a 'java/lang/Class'{0x00000000e0145c58} = 'jdk/vm/ci/services/Services'
 - vtable length      5  (start addr: 0x0000000800c41970)
 - itable length      2 (start addr: 0x0000000800c41998)
 - ---- static fields (3 words):
 - public static final 'IS_BUILDING_NATIVE_IMAGE' 'Z' @128 
 - public static final 'IS_IN_NATIVE_IMAGE' 'Z' @129 
 - private static volatile 'savedProperties' 'Ljava/util/Map;' @112 
 - static final 'JVMCI_ENABLED' 'Z' @130 
 - private static final 'servicesCache' 'Ljava/util/Map;' @116 
 - private static final 'MAX_UNICODE_IN_UTF8_LENGTH' 'I' @120 
 - private static final 'MAX_UTF8_PROPERTY_STRING_LENGTH' 'I' @124 
 - ---- non-static fields (0 words):
 - non-static oop maps: 
stack at sp + 4 slots: 0x00007f9ec6418500 is pointing into the stack for thread: 0x00007f9ee00b21e0
stack at sp + 5 slots: 0x00007f9ee6a272fe: <offset 0x000000000093e2fe> in /nix/store/gpxl5qgg8kicmcvivwmybwjlpf7wh20l-graalvm17-ce-22.3.0/lib/server/libjvm.so at 0x00007f9ee60e9000
stack at sp + 6 slots: 0x00007f9ec64183e0 is pointing into the stack for thread: 0x00007f9ee00b21e0
stack at sp + 7 slots: 0x00007f9ec6418440 is pointing into the stack for thread: 0x00007f9ee00b21e0


---------------  P R O C E S S  ---------------

Threads class SMR info:
_java_thread_list=0x00007f9e682e4970, length=27, elements={
0x00007f9ee0026690, 0x00007f9ee00a64d0, 0x00007f9ee00a7910, 0x00007f9ee00ae050,
0x00007f9ee00af400, 0x00007f9ee00b07f0, 0x00007f9ee00b21e0, 0x00007f9ee00b36f0,
0x00007f9ee00b4b40, 0x00007f9ee00df820, 0x00007f9ee0127a10, 0x00007f9ee0343dd0,
0x00007f9ee0377730, 0x00007f9ee03796e0, 0x00007f9ee00bdb20, 0x00007f9e74016f00,
0x00007f9e742a3000, 0x00007f9e680010d0, 0x00007f9e744b8e70, 0x00007f9e74625f50,
0x00007f9ee04b3bc0, 0x00007f9ee03ec180, 0x00007f9e54001130, 0x00007f9e50000ff0,
0x00007f9e440c45c0, 0x00007f9e440c5020, 0x00007f9e48003ad0
}

Java Threads: ( => current thread )
  0x00007f9ee0026690 JavaThread "main" [_thread_blocked, id=37, stack(0x00007f9ee5f04000,0x00007f9ee6004000)]
  0x00007f9ee00a64d0 JavaThread "Reference Handler" daemon [_thread_blocked, id=40, stack(0x00007f9ec6b00000,0x00007f9ec6c00000)]
  0x00007f9ee00a7910 JavaThread "Finalizer" daemon [_thread_blocked, id=41, stack(0x00007f9ec6a00000,0x00007f9ec6b00000)]
  0x00007f9ee00ae050 JavaThread "Signal Dispatcher" daemon [_thread_blocked, id=42, stack(0x00007f9ec661a000,0x00007f9ec671a000)]
  0x00007f9ee00af400 JavaThread "Service Thread" daemon [_thread_blocked, id=43, stack(0x00007f9ec651a000,0x00007f9ec661a000)]
  0x00007f9ee00b07f0 JavaThread "Monitor Deflation Thread" daemon [_thread_blocked, id=44, stack(0x00007f9ec641a000,0x00007f9ec651a000)]
=>0x00007f9ee00b21e0 JavaThread "JVMCI-native CompilerThread0" daemon [_thread_in_vm, id=45, stack(0x00007f9ec621a000,0x00007f9ec641a000)]
  0x00007f9ee00b36f0 JavaThread "C1 CompilerThread0" daemon [_thread_blocked, id=46, stack(0x00007f9ec601a000,0x00007f9ec621a000)]
  0x00007f9ee00b4b40 JavaThread "Sweeper thread" daemon [_thread_blocked, id=47, stack(0x00007f9ec5f1a000,0x00007f9ec601a000)]
  0x00007f9ee00df820 JavaThread "Common-Cleaner" daemon [_thread_blocked, id=51, stack(0x00007f9ec5e1a000,0x00007f9ec5f1a000)]
  0x00007f9ee0127a10 JavaThread "Notification Thread" daemon [_thread_blocked, id=52, stack(0x00007f9ec5d1a000,0x00007f9ec5e1a000)]
  0x00007f9ee0343dd0 JavaThread "Active Thread: Equinox Container: 3c5c6c1b-9dc1-4e55-bdf7-3002a6db64bf" [_thread_blocked, id=69, stack(0x00007f9ec4900000,0x00007f9ec4a00000)]
  0x00007f9ee0377730 JavaThread "Framework Event Dispatcher: Equinox Container: 3c5c6c1b-9dc1-4e55-bdf7-3002a6db64bf" daemon [_thread_blocked, id=70, stack(0x00007f9ec4700000,0x00007f9ec4800000)]
  0x00007f9ee03796e0 JavaThread "Start Level: Equinox Container: 3c5c6c1b-9dc1-4e55-bdf7-3002a6db64bf" daemon [_thread_blocked, id=71, stack(0x00007f9ec4500000,0x00007f9ec4600000)]
  0x00007f9ee00bdb20 JavaThread "Refresh Thread: Equinox Container: 3c5c6c1b-9dc1-4e55-bdf7-3002a6db64bf" daemon [_thread_blocked, id=96, stack(0x00007f9ec4300000,0x00007f9ec4400000)]
  0x00007f9e74016f00 JavaThread "SCR Component Actor" daemon [_thread_blocked, id=99, stack(0x00007f9ec4100000,0x00007f9ec4200000)]
  0x00007f9e742a3000 JavaThread "Worker-JM" [_thread_blocked, id=116, stack(0x00007f9e8d900000,0x00007f9e8da00000)]
  0x00007f9e680010d0 JavaThread "Worker-1" [_thread_blocked, id=118, stack(0x00007f9e8d500000,0x00007f9e8d600000)]
  0x00007f9e744b8e70 JavaThread "Java indexing" daemon [_thread_blocked, id=126, stack(0x00007f9e8d300000,0x00007f9e8d400000)]
  0x00007f9e74625f50 JavaThread "Bundle File Closer" daemon [_thread_blocked, id=129, stack(0x00007f9e8cf00000,0x00007f9e8d000000)]
  0x00007f9ee04b3bc0 JavaThread "pool-3-thread-1" [_thread_blocked, id=152, stack(0x00007f9e8db00000,0x00007f9e8dc00000)]
  0x00007f9ee03ec180 JavaThread "pool-2-thread-1" [_thread_in_native, id=153, stack(0x00007f9e8cd00000,0x00007f9e8ce00000)]
  0x00007f9e54001130 JavaThread "Worker-3: Java indexing... " [_thread_blocked, id=162, stack(0x00007f9ec4400000,0x00007f9ec4500000)]
  0x00007f9e50000ff0 JavaThread "Worker-4" [_thread_blocked, id=163, stack(0x00007f9e8cb00000,0x00007f9e8cc00000)]
  0x00007f9e440c45c0 JavaThread "OkHttp repo.maven.apache.org" [_thread_in_native, id=224, stack(0x00007f9e8c900000,0x00007f9e8ca00000)]
  0x00007f9e440c5020 JavaThread "OkHttp ConnectionPool" daemon [_thread_blocked, id=225, stack(0x00007f9e8d200000,0x00007f9e8d300000)]
  0x00007f9e48003ad0 JavaThread "OkHttp repo.maven.apache.org Writer" [_thread_blocked, id=226, stack(0x00007f9e8cc00000,0x00007f9e8cd00000)]

Other Threads:
  0x00007f9ee00a1c10 VMThread "VM Thread" [stack: 0x00007f9ee401d000,0x00007f9ee411d000] [id=39] _threads_hazard_ptr=0x00007f9e682e4970
  0x00007f9ee01293b0 WatcherThread [stack: 0x00007f9ec5c1a000,0x00007f9ec5d1a000] [id=53]
  0x00007f9ee003df30 GCTaskThread "GC Thread#0" [stack: 0x00007f9ee5ac7000,0x00007f9ee5bc7000] [id=38]

Threads with active compile tasks:
JVMCI-native CompilerThread0   395384 10310  s    4       java.lang.StringBuffer::append (15 bytes)

VM state: synchronizing (normal execution)

VM Mutex/Monitor currently owned by a thread:  ([mutex/lock_event])
[0x00007f9ee0023840] Threads_lock - owner thread: 0x00007f9ee00a1c10
[0x00007f9ee0023ff0] Heap_lock - owner thread: 0x00007f9e440c5020

OutOfMemory and StackOverflow Exception counts:
OutOfMemoryError java_heap_errors=3
LinkageErrors=68

Heap address: 0x00000000e0000000, size: 512 MB, Compressed Oops mode: 32-bit

CDS archive(s) mapped at: [0x0000000800000000-0x0000000800bc8000-0x0000000800bc8000), size 12353536, SharedBaseAddress: 0x0000000800000000, ArchiveRelocationMode: 0.
Compressed class space mapped at: 0x0000000800c00000-0x0000000840c00000, reserved size: 1073741824
Narrow klass base: 0x0000000800000000, Narrow klass shift: 0, Narrow klass range: 0x100000000

GC Precious Log:
 CPUs: 8 total, 1 available
 Memory: 1024M
 Large Page Support: Disabled
 NUMA Support: Disabled
 Compressed Oops: Enabled (32-bit)
 Alignments: Space 512K, Generation 512K, Heap 2M
 Heap Min Capacity: 100M
 Heap Initial Capacity: 100M
 Heap Max Capacity: 512M
 Pre-touch: Disabled
 Parallel Workers: 1

Heap:
 PSYoungGen      total 41984K, used 27136K [0x00000000f5580000, 0x00000000f9180000, 0x0000000100000000)
  eden space 27136K, 100% used [0x00000000f5580000,0x00000000f7000000,0x00000000f7000000)
  from space 14848K, 0% used [0x00000000f8300000,0x00000000f8300000,0x00000000f9180000)
  to   space 11264K, 0% used [0x00000000f7000000,0x00000000f7000000,0x00000000f7b00000)
 ParOldGen       total 349696K, used 349696K [0x00000000e0000000, 0x00000000f5580000, 0x00000000f5580000)
  object space 349696K, 100% used [0x00000000e0000000,0x00000000f5580000,0x00000000f5580000)
 Metaspace       used 60779K, committed 61888K, reserved 1105920K
  class space    used 5956K, committed 6400K, reserved 1048576K

Card table byte_map: [0x00007f9ee5bc7000,0x00007f9ee5cc8000] _byte_map_base: 0x00007f9ee54c7000

Marking Bits: (ParMarkBitMap*) 0x00007f9ee73174c0
 Begin Bits: [0x00007f9ee4a1a000, 0x00007f9ee521a000)
 End Bits:   [0x00007f9ee521a000, 0x00007f9ee5a1a000)

Polling page: 0x00007f9ee5ee1000

Metaspace:

Usage:
  Non-class:     53.54 MB used.
      Class:      5.82 MB used.
       Both:     59.35 MB used.

Virtual space:
  Non-class space:       56.00 MB reserved,      54.19 MB ( 97%) committed,  7 nodes.
      Class space:        1.00 GB reserved,       6.25 MB ( <1%) committed,  1 nodes.
             Both:        1.05 GB reserved,      60.44 MB (  6%) committed. 

Chunk freelists:
   Non-Class:  1.97 MB
       Class:  1.78 MB
        Both:  3.74 MB

MaxMetaspaceSize: unlimited
CompressedClassSpaceSize: 1.00 GB
Initial GC threshold: 21.00 MB
Current GC threshold: 100.75 MB
CDS: on
MetaspaceReclaimPolicy: balanced
 - commit_granule_bytes: 65536.
 - commit_granule_words: 8192.
 - virtual_space_node_default_size: 1048576.
 - enlarge_chunks_in_place: 1.
 - new_chunks_are_fully_committed: 0.
 - uncommit_free_chunks: 1.
 - use_allocation_guard: 0.
 - handle_deallocations: 1.


Internal statistics:

num_allocs_failed_limit: 6.
num_arena_births: 524.
num_arena_deaths: 154.
num_vsnodes_births: 8.
num_vsnodes_deaths: 0.
num_space_committed: 965.
num_space_uncommitted: 0.
num_chunks_returned_to_freelist: 217.
num_chunks_taken_from_freelist: 2940.
num_chunk_merges: 87.
num_chunk_splits: 1896.
num_chunks_enlarged: 1160.
num_purges: 6.
num_inconsistent_stats: 0.

CodeHeap 'non-profiled nmethods': size=120036Kb used=2634Kb max_used=2634Kb free=117401Kb
 bounds [0x00007f9ecef7a000, 0x00007f9ecf21a000, 0x00007f9ed64b3000]
CodeHeap 'profiled nmethods': size=120032Kb used=16869Kb max_used=17385Kb free=103162Kb
 bounds [0x00007f9ec7a42000, 0x00007f9ec8b42000, 0x00007f9ecef7a000]
CodeHeap 'non-nmethods': size=5692Kb used=1389Kb max_used=1404Kb free=4302Kb
 bounds [0x00007f9ec74b3000, 0x00007f9ec7723000, 0x00007f9ec7a42000]
 total_blobs=8576 nmethods=7853 adapters=632
 compilation: enabled
              stopped_count=0, restarted_count=0
 full_count=0

JVMCI Events (20 events):
Event: 75.462 Thread 0x00007f9ee00b21e0 releasing handles for JVMCI runtime 0: oop handles=88, metadata handles={total=1120, live=531, blocks=35}
Event: 75.462 Thread 0x00007f9ee00b21e0 detached from JVMCI runtime 0
Event: 289.395 Thread 0x00007f9ee00b21e0 attached to JVMCI runtime 0
Event: 289.396 Thread 0x00007f9ee00b21e0 created JavaVM[2]@0x00007f9e8b79e340 for JVMCI runtime 0
Event: 290.408 Thread 0x00007f9ee00b21e0 initializing JVMCI runtime 0
Event: 290.408 Thread 0x00007f9ee00b21e0 done waiting for JavaVM references initialization in JVMCI runtime 0
Event: 305.913 Thread 0x00007f9ee00b21e0 initialized JVMCI runtime 0
Event: 328.590 Thread 0x00007f9ee00b21e0 compacted oop handles in JVMCI runtime 0 from 69 to 66
Event: 331.119 Thread 0x00007f9ee00b21e0 compacted oop handles in JVMCI runtime 0 from 68 to 66
Event: 332.361 Thread 0x00007f9ee00b21e0 detaching from JVMCI runtime 0: releasing idle compiler thread (0 other threads still attached)
Event: 332.361 Thread 0x00007f9ee00b21e0 shutting down HotSpotJVMCIRuntime for JVMCI runtime 0
Event: 332.361 Thread 0x00007f9ee00b21e0 shut down JVMCI runtime 0
Event: 333.597 Thread 0x00007f9ee00b21e0 destroyed JavaVM[2]@0x00007f9e8b79e340 for JVMCI runtime 0
Event: 333.597 Thread 0x00007f9ee00b21e0 compacted oop handles in JVMCI runtime 0 from 66 to 66
Event: 333.597 Thread 0x00007f9ee00b21e0 releasing handles for JVMCI runtime 0: oop handles=66, metadata handles={total=136, live=132, blocks=35}
Event: 333.597 Thread 0x00007f9ee00b21e0 detached from JVMCI runtime 0
Event: 339.814 Thread 0x00007f9ee00b21e0 attached to JVMCI runtime 0
Event: 339.815 Thread 0x00007f9ee00b21e0 created JavaVM[3]@0x00007f9e8b79e340 for JVMCI runtime 0
Event: 341.171 Thread 0x00007f9ee00b21e0 initializing JVMCI runtime 0
Event: 341.171 Thread 0x00007f9ee00b21e0 done waiting for JavaVM references initialization in JVMCI runtime 0

Compilation events (20 events):
Event: 219.471 Thread 0x00007f9ee00b36f0 nmethod 10304 0x00007f9ec84c2810 code [0x00007f9ec84c29c0, 0x00007f9ec84c2d00]
Event: 221.870 Thread 0x00007f9ee00b36f0 10305  s    3       org.eclipse.jdt.internal.core.search.processing.JobManager::currentJob (35 bytes)
Event: 226.204 Thread 0x00007f9ee00b36f0 nmethod 10305 0x00007f9ec84c1b90 code [0x00007f9ec84c1d60, 0x00007f9ec84c26b0]
Event: 289.395 Thread 0x00007f9ee00b21e0 10306       4       java.lang.Integer::stringSize (47 bytes)
Event: 312.994 Thread 0x00007f9ee00b21e0 nmethod 10306 0x00007f9ecf209e90 code [0x00007f9ecf20a000, 0x00007f9ecf20a0f0]
Event: 312.994 Thread 0x00007f9ee00b21e0 10308 %     4       java.io.DataOutputStream::writeUTF @ 187 (411 bytes)
Event: 314.171 Thread 0x00007f9ee00b36f0 10309       3       java.util.concurrent.locks.AbstractQueuedSynchronizer::acquire (20 bytes)
Event: 314.171 Thread 0x00007f9ee00b36f0 nmethod 10309 0x00007f9ec84c1510 code [0x00007f9ec84c16c0, 0x00007f9ec84c1a90]
Event: 328.590 Thread 0x00007f9ee00b21e0 nmethod 10308% 0x00007f9ecf20a190 code [0x00007f9ecf20a420, 0x00007f9ecf20b798]
Event: 328.590 Thread 0x00007f9ee00b21e0 10307       4       java.lang.Integer::getChars (131 bytes)
Event: 331.119 Thread 0x00007f9ee00b21e0 nmethod 10307 0x00007f9ecf20c290 code [0x00007f9ecf20c420, 0x00007f9ecf20c6c8]
Event: 339.814 Thread 0x00007f9ee00b21e0 10310  s    4       java.lang.StringBuffer::append (15 bytes)
Event: 350.701 Thread 0x00007f9ee00b36f0 10312       3       org.eclipse.core.internal.dtree.AbstractDataTreeNode::storeStrings (42 bytes)
Event: 352.090 Thread 0x00007f9ee00b36f0 nmethod 10312 0x00007f9ec84c0c90 code [0x00007f9ec84c0e60, 0x00007f9ec84c1330]
Event: 352.090 Thread 0x00007f9ee00b36f0 10311       3       org.eclipse.core.internal.dtree.DataTreeNode::storeStrings (28 bytes)
Event: 352.090 Thread 0x00007f9ee00b36f0 nmethod 10311 0x00007f9ec84c0110 code [0x00007f9ec84c02e0, 0x00007f9ec84c0b70]
Event: 361.691 Thread 0x00007f9ee00b36f0 10314       3       java.text.MessageFormat::format (15 bytes)
Event: 362.982 Thread 0x00007f9ee00b36f0 nmethod 10314 0x00007f9ec87fa290 code [0x00007f9ec87fa440, 0x00007f9ec87fa610]
Event: 365.510 Thread 0x00007f9ee00b36f0 10317       3       java.text.MessageFormat::subformat (542 bytes)
Event: 366.795 Thread 0x00007f9ee00b36f0 nmethod 10317 0x00007f9ec84b8390 code [0x00007f9ec84b89e0, 0x00007f9ec84be840]

GC Heap History (20 events):
Event: 383.497 GC heap before
{Heap before GC invocations=380 (full 268):
 PSYoungGen      total 41984K, used 27135K [0x00000000f5580000, 0x00000000f9180000, 0x0000000100000000)
  eden space 27136K, 99% used [0x00000000f5580000,0x00000000f6ffff78,0x00000000f7000000)
  from space 14848K, 0% used [0x00000000f8300000,0x00000000f8300000,0x00000000f9180000)
  to   space 11264K, 0% used [0x00000000f7000000,0x00000000f7000000,0x00000000f7b00000)
 ParOldGen       total 349696K, used 349695K [0x00000000e0000000, 0x00000000f5580000, 0x00000000f5580000)
  object space 349696K, 99% used [0x00000000e0000000,0x00000000f557fd58,0x00000000f5580000)
 Metaspace       used 60779K, committed 61888K, reserved 1105920K
  class space    used 5956K, committed 6400K, reserved 1048576K
}
Event: 384.673 GC heap after
{Heap after GC invocations=380 (full 268):
 PSYoungGen      total 38400K, used 27135K [0x00000000f5580000, 0x00000000f9180000, 0x0000000100000000)
  eden space 27136K, 99% used [0x00000000f5580000,0x00000000f6ffff78,0x00000000f7000000)
  from space 11264K, 0% used [0x00000000f7000000,0x00000000f7000000,0x00000000f7b00000)
  to   space 14848K, 0% used [0x00000000f8300000,0x00000000f8300000,0x00000000f9180000)
 ParOldGen       total 349696K, used 349695K [0x00000000e0000000, 0x00000000f5580000, 0x00000000f5580000)
  object space 349696K, 99% used [0x00000000e0000000,0x00000000f557fd58,0x00000000f5580000)
 Metaspace       used 60779K, committed 61888K, reserved 1105920K
  class space    used 5956K, committed 6400K, reserved 1048576K
}
Event: 384.674 GC heap before
{Heap before GC invocations=381 (full 269):
 PSYoungGen      total 38400K, used 27135K [0x00000000f5580000, 0x00000000f9180000, 0x0000000100000000)
  eden space 27136K, 99% used [0x00000000f5580000,0x00000000f6fffff8,0x00000000f7000000)
  from space 11264K, 0% used [0x00000000f7000000,0x00000000f7000000,0x00000000f7b00000)
  to   space 14848K, 0% used [0x00000000f8300000,0x00000000f8300000,0x00000000f9180000)
 ParOldGen       total 349696K, used 349695K [0x00000000e0000000, 0x00000000f5580000, 0x00000000f5580000)
  object space 349696K, 99% used [0x00000000e0000000,0x00000000f557fd58,0x00000000f5580000)
 Metaspace       used 60779K, committed 61888K, reserved 1105920K
  class space    used 5956K, committed 6400K, reserved 1048576K
}
Event: 385.985 GC heap after
{Heap after GC invocations=381 (full 269):
 PSYoungGen      total 41984K, used 27135K [0x00000000f5580000, 0x00000000f9180000, 0x0000000100000000)
  eden space 27136K, 99% used [0x00000000f5580000,0x00000000f6ffff78,0x00000000f7000000)
  from space 14848K, 0% used [0x00000000f8300000,0x00000000f8300000,0x00000000f9180000)
  to   space 11264K, 0% used [0x00000000f7000000,0x00000000f7000000,0x00000000f7b00000)
 ParOldGen       total 349696K, used 349693K [0x00000000e0000000, 0x00000000f5580000, 0x00000000f5580000)
  object space 349696K, 99% used [0x00000000e0000000,0x00000000f557f7b8,0x00000000f5580000)
 Metaspace       used 60779K, committed 61888K, reserved 1105920K
  class space    used 5956K, committed 6400K, reserved 1048576K
}
Event: 385.985 GC heap before
{Heap before GC invocations=382 (full 270):
 PSYoungGen      total 41984K, used 27135K [0x00000000f5580000, 0x00000000f9180000, 0x0000000100000000)
  eden space 27136K, 99% used [0x00000000f5580000,0x00000000f6fffff8,0x00000000f7000000)
  from space 14848K, 0% used [0x00000000f8300000,0x00000000f8300000,0x00000000f9180000)
  to   space 11264K, 0% used [0x00000000f7000000,0x00000000f7000000,0x00000000f7b00000)
 ParOldGen       total 349696K, used 349694K [0x00000000e0000000, 0x00000000f5580000, 0x00000000f5580000)
  object space 349696K, 99% used [0x00000000e0000000,0x00000000f557fb80,0x00000000f5580000)
 Metaspace       used 60779K, committed 61888K, reserved 1105920K
  class space    used 5956K, committed 6400K, reserved 1048576K
}
Event: 387.212 GC heap after
{Heap after GC invocations=382 (full 270):
 PSYoungGen      total 38400K, used 27135K [0x00000000f5580000, 0x00000000f9180000, 0x0000000100000000)
  eden space 27136K, 99% used [0x00000000f5580000,0x00000000f6fffff8,0x00000000f7000000)
  from space 11264K, 0% used [0x00000000f7000000,0x00000000f7000000,0x00000000f7b00000)
  to   space 14848K, 0% used [0x00000000f8300000,0x00000000f8300000,0x00000000f9180000)
 ParOldGen       total 349696K, used 349694K [0x00000000e0000000, 0x00000000f5580000, 0x00000000f5580000)
  object space 349696K, 99% used [0x00000000e0000000,0x00000000f557fa70,0x00000000f5580000)
 Metaspace       used 60779K, committed 61888K, reserved 1105920K
  class space    used 5956K, committed 6400K, reserved 1048576K
}
Event: 387.212 GC heap before
{Heap before GC invocations=383 (full 271):
 PSYoungGen      total 38400K, used 27135K [0x00000000f5580000, 0x00000000f9180000, 0x0000000100000000)
  eden space 27136K, 99% used [0x00000000f5580000,0x00000000f6fffff8,0x00000000f7000000)
  from space 11264K, 0% used [0x00000000f7000000,0x00000000f7000000,0x00000000f7b00000)
  to   space 14848K, 0% used [0x00000000f8300000,0x00000000f8300000,0x00000000f9180000)
 ParOldGen       total 349696K, used 349695K [0x00000000e0000000, 0x00000000f5580000, 0x00000000f5580000)
  object space 349696K, 99% used [0x00000000e0000000,0x00000000f557fff0,0x00000000f5580000)
 Metaspace       used 60779K, committed 61888K, reserved 1105920K
  class space    used 5956K, committed 6400K, reserved 1048576K
}
Event: 388.485 GC heap after
{Heap after GC invocations=383 (full 271):
 PSYoungGen      total 41984K, used 27135K [0x00000000f5580000, 0x00000000f9180000, 0x0000000100000000)
  eden space 27136K, 99% used [0x00000000f5580000,0x00000000f6ffff98,0x00000000f7000000)
  from space 14848K, 0% used [0x00000000f8300000,0x00000000f8300000,0x00000000f9180000)
  to   space 11264K, 0% used [0x00000000f7000000,0x00000000f7000000,0x00000000f7b00000)
 ParOldGen       total 349696K, used 349695K [0x00000000e0000000, 0x00000000f5580000, 0x00000000f5580000)
  object space 349696K, 99% used [0x00000000e0000000,0x00000000f557fec8,0x00000000f5580000)
 Metaspace       used 60779K, committed 61888K, reserved 1105920K
  class space    used 5956K, committed 6400K, reserved 1048576K
}
Event: 388.485 GC heap before
{Heap before GC invocations=384 (full 272):
 PSYoungGen      total 41984K, used 27136K [0x00000000f5580000, 0x00000000f9180000, 0x0000000100000000)
  eden space 27136K, 100% used [0x00000000f5580000,0x00000000f7000000,0x00000000f7000000)
  from space 14848K, 0% used [0x00000000f8300000,0x00000000f8300000,0x00000000f9180000)
  to   space 11264K, 0% used [0x00000000f7000000,0x00000000f7000000,0x00000000f7b00000)
 ParOldGen       total 349696K, used 349695K [0x00000000e0000000, 0x00000000f5580000, 0x00000000f5580000)
  object space 349696K, 99% used [0x00000000e0000000,0x00000000f557fec8,0x00000000f5580000)
 Metaspace       used 60779K, committed 61888K, reserved 1105920K
  class space    used 5956K, committed 6400K, reserved 1048576K
}
Event: 389.568 GC heap after
{Heap after GC invocations=384 (full 272):
 PSYoungGen      total 38400K, used 27136K [0x00000000f5580000, 0x00000000f9180000, 0x0000000100000000)
  eden space 27136K, 100% used [0x00000000f5580000,0x00000000f7000000,0x00000000f7000000)
  from space 11264K, 0% used [0x00000000f7000000,0x00000000f7000000,0x00000000f7b00000)
  to   space 14848K, 0% used [0x00000000f8300000,0x00000000f8300000,0x00000000f9180000)
 ParOldGen       total 349696K, used 349695K [0x00000000e0000000, 0x00000000f5580000, 0x00000000f5580000)
  object space 349696K, 99% used [0x00000000e0000000,0x00000000f557fe98,0x00000000f5580000)
 Metaspace       used 60779K, committed 61888K, reserved 1105920K
  class space    used 5956K, committed 6400K, reserved 1048576K
}
Event: 389.568 GC heap before
{Heap before GC invocations=385 (full 273):
 PSYoungGen      total 38400K, used 27136K [0x00000000f5580000, 0x00000000f9180000, 0x0000000100000000)
  eden space 27136K, 100% used [0x00000000f5580000,0x00000000f7000000,0x00000000f7000000)
  from space 11264K, 0% used [0x00000000f7000000,0x00000000f7000000,0x00000000f7b00000)
  to   space 14848K, 0% used [0x00000000f8300000,0x00000000f8300000,0x00000000f9180000)
 ParOldGen       total 349696K, used 349696K [0x00000000e0000000, 0x00000000f5580000, 0x00000000f5580000)
  object space 349696K, 100% used [0x00000000e0000000,0x00000000f5580000,0x00000000f5580000)
 Metaspace       used 60779K, committed 61888K, reserved 1105920K
  class space    used 5956K, committed 6400K, reserved 1048576K
}
Event: 390.586 GC heap after
{Heap after GC invocations=385 (full 273):
 PSYoungGen      total 41984K, used 27135K [0x00000000f5580000, 0x00000000f9180000, 0x0000000100000000)
  eden space 27136K, 99% used [0x00000000f5580000,0x00000000f6ffffe8,0x00000000f7000000)
  from space 14848K, 0% used [0x00000000f8300000,0x00000000f8300000,0x00000000f9180000)
  to   space 11264K, 0% used [0x00000000f7000000,0x00000000f7000000,0x00000000f7b00000)
 ParOldGen       total 349696K, used 349695K [0x00000000e0000000, 0x00000000f5580000, 0x00000000f5580000)
  object space 349696K, 99% used [0x00000000e0000000,0x00000000f557ffd0,0x00000000f5580000)
 Metaspace       used 60779K, committed 61888K, reserved 1105920K
  class space    used 5956K, committed 6400K, reserved 1048576K
}
Event: 390.587 GC heap before
{Heap before GC invocations=386 (full 274):
 PSYoungGen      total 41984K, used 27136K [0x00000000f5580000, 0x00000000f9180000, 0x0000000100000000)
  eden space 27136K, 100% used [0x00000000f5580000,0x00000000f7000000,0x00000000f7000000)
  from space 14848K, 0% used [0x00000000f8300000,0x00000000f8300000,0x00000000f9180000)
  to   space 11264K, 0% used [0x00000000f7000000,0x00000000f7000000,0x00000000f7b00000)
 ParOldGen       total 349696K, used 349695K [0x00000000e0000000, 0x00000000f5580000, 0x00000000f5580000)
  object space 349696K, 99% used [0x00000000e0000000,0x00000000f557ffd0,0x00000000f5580000)
 Metaspace       used 60779K, committed 61888K, reserved 1105920K
  class space    used 5956K, committed 6400K, reserved 1048576K
}
Event: 391.700 GC heap after
{Heap after GC invocations=386 (full 274):
 PSYoungGen      total 38400K, used 27136K [0x00000000f5580000, 0x00000000f9180000, 0x0000000100000000)
  eden space 27136K, 100% used [0x00000000f5580000,0x00000000f7000000,0x00000000f7000000)
  from space 11264K, 0% used [0x00000000f7000000,0x00000000f7000000,0x00000000f7b00000)
  to   space 14848K, 0% used [0x00000000f8300000,0x00000000f8300000,0x00000000f9180000)
 ParOldGen       total 349696K, used 349695K [0x00000000e0000000, 0x00000000f5580000, 0x00000000f5580000)
  object space 349696K, 99% used [0x00000000e0000000,0x00000000f557ffd0,0x00000000f5580000)
 Metaspace       used 60779K, committed 61888K, reserved 1105920K
  class space    used 5956K, committed 6400K, reserved 1048576K
}
Event: 391.701 GC heap before
{Heap before GC invocations=387 (full 275):
 PSYoungGen      total 38400K, used 27136K [0x00000000f5580000, 0x00000000f9180000, 0x0000000100000000)
  eden space 27136K, 100% used [0x00000000f5580000,0x00000000f7000000,0x00000000f7000000)
  from space 11264K, 0% used [0x00000000f7000000,0x00000000f7000000,0x00000000f7b00000)
  to   space 14848K, 0% used [0x00000000f8300000,0x00000000f8300000,0x00000000f9180000)
 ParOldGen       total 349696K, used 349696K [0x00000000e0000000, 0x00000000f5580000, 0x00000000f5580000)
  object space 349696K, 100% used [0x00000000e0000000,0x00000000f5580000,0x00000000f5580000)
 Metaspace       used 60779K, committed 61888K, reserved 1105920K
  class space    used 5956K, committed 6400K, reserved 1048576K
}
Event: 392.894 GC heap after
{Heap after GC invocations=387 (full 275):
 PSYoungGen      total 41984K, used 27135K [0x00000000f5580000, 0x00000000f9180000, 0x0000000100000000)
  eden space 27136K, 99% used [0x00000000f5580000,0x00000000f6ffffe8,0x00000000f7000000)
  from space 14848K, 0% used [0x00000000f8300000,0x00000000f8300000,0x00000000f9180000)
  to   space 11264K, 0% used [0x00000000f7000000,0x00000000f7000000,0x00000000f7b00000)
 ParOldGen       total 349696K, used 349696K [0x00000000e0000000, 0x00000000f5580000, 0x00000000f5580000)
  object space 349696K, 100% used [0x00000000e0000000,0x00000000f5580000,0x00000000f5580000)
 Metaspace       used 60779K, committed 61888K, reserved 1105920K
  class space    used 5956K, committed 6400K, reserved 1048576K
}
Event: 392.894 GC heap before
{Heap before GC invocations=388 (full 276):
 PSYoungGen      total 41984K, used 27136K [0x00000000f5580000, 0x00000000f9180000, 0x0000000100000000)
  eden space 27136K, 100% used [0x00000000f5580000,0x00000000f7000000,0x00000000f7000000)
  from space 14848K, 0% used [0x00000000f8300000,0x00000000f8300000,0x00000000f9180000)
  to   space 11264K, 0% used [0x00000000f7000000,0x00000000f7000000,0x00000000f7b00000)
 ParOldGen       total 349696K, used 349696K [0x00000000e0000000, 0x00000000f5580000, 0x00000000f5580000)
  object space 349696K, 100% used [0x00000000e0000000,0x00000000f5580000,0x00000000f5580000)
 Metaspace       used 60779K, committed 61888K, reserved 1105920K
  class space    used 5956K, committed 6400K, reserved 1048576K
}
Event: 394.096 GC heap after
{Heap after GC invocations=388 (full 276):
 PSYoungGen      total 38400K, used 27136K [0x00000000f5580000, 0x00000000f9180000, 0x0000000100000000)
  eden space 27136K, 100% used [0x00000000f5580000,0x00000000f7000000,0x00000000f7000000)
  from space 11264K, 0% used [0x00000000f7000000,0x00000000f7000000,0x00000000f7b00000)
  to   space 14848K, 0% used [0x00000000f8300000,0x00000000f8300000,0x00000000f9180000)
 ParOldGen       total 349696K, used 349696K [0x00000000e0000000, 0x00000000f5580000, 0x00000000f5580000)
  object space 349696K, 100% used [0x00000000e0000000,0x00000000f5580000,0x00000000f5580000)
 Metaspace       used 60779K, committed 61888K, reserved 1105920K
  class space    used 5956K, committed 6400K, reserved 1048576K
}
Event: 394.096 GC heap before
{Heap before GC invocations=389 (full 277):
 PSYoungGen      total 38400K, used 27136K [0x00000000f5580000, 0x00000000f9180000, 0x0000000100000000)
  eden space 27136K, 100% used [0x00000000f5580000,0x00000000f7000000,0x00000000f7000000)
  from space 11264K, 0% used [0x00000000f7000000,0x00000000f7000000,0x00000000f7b00000)
  to   space 14848K, 0% used [0x00000000f8300000,0x00000000f8300000,0x00000000f9180000)
 ParOldGen       total 349696K, used 349696K [0x00000000e0000000, 0x00000000f5580000, 0x00000000f5580000)
  object space 349696K, 100% used [0x00000000e0000000,0x00000000f5580000,0x00000000f5580000)
 Metaspace       used 60779K, committed 61888K, reserved 1105920K
  class space    used 5956K, committed 6400K, reserved 1048576K
}
Event: 395.298 GC heap after
{Heap after GC invocations=389 (full 277):
 PSYoungGen      total 41984K, used 27136K [0x00000000f5580000, 0x00000000f9180000, 0x0000000100000000)
  eden space 27136K, 100% used [0x00000000f5580000,0x00000000f7000000,0x00000000f7000000)
  from space 14848K, 0% used [0x00000000f8300000,0x00000000f8300000,0x00000000f9180000)
  to   space 11264K, 0% used [0x00000000f7000000,0x00000000f7000000,0x00000000f7b00000)
 ParOldGen       total 349696K, used 349696K [0x00000000e0000000, 0x00000000f5580000, 0x00000000f5580000)
  object space 349696K, 100% used [0x00000000e0000000,0x00000000f5580000,0x00000000f5580000)
 Metaspace       used 60779K, committed 61888K, reserved 1105920K
  class space    used 5956K, committed 6400K, reserved 1048576K
}

Dll operation events (9 events):
Event: 0.002 Loaded shared library /nix/store/gpxl5qgg8kicmcvivwmybwjlpf7wh20l-graalvm17-ce-22.3.0/lib/libjava.so
Event: 0.060 Loaded shared library /nix/store/gpxl5qgg8kicmcvivwmybwjlpf7wh20l-graalvm17-ce-22.3.0/lib/libjsvml.so
Event: 0.367 Loaded shared library /nix/store/gpxl5qgg8kicmcvivwmybwjlpf7wh20l-graalvm17-ce-22.3.0/lib/libnio.so
Event: 0.370 Loaded shared library /nix/store/gpxl5qgg8kicmcvivwmybwjlpf7wh20l-graalvm17-ce-22.3.0/lib/libzip.so
Event: 0.373 Loaded shared library /nix/store/gpxl5qgg8kicmcvivwmybwjlpf7wh20l-graalvm17-ce-22.3.0/lib/libjvmcicompiler.so
Event: 0.958 Loaded shared library /nix/store/gpxl5qgg8kicmcvivwmybwjlpf7wh20l-graalvm17-ce-22.3.0/lib/libjimage.so
Event: 1.664 Loaded shared library /nix/store/gpxl5qgg8kicmcvivwmybwjlpf7wh20l-graalvm17-ce-22.3.0/lib/libnet.so
Event: 5.667 Loaded shared library /home/runner/.cache/jdt-language-server/config/org.eclipse.equinox.launcher/org.eclipse.equinox.launcher.gtk.linux.x86_64_1.2.400.v20211117-0650/eclipse_11600.so
Event: 19.279 Loaded shared library /nix/store/gpxl5qgg8kicmcvivwmybwjlpf7wh20l-graalvm17-ce-22.3.0/lib/libextnet.so

Deoptimization events (20 events):
Event: 73.079 Thread 0x00007f9e744b8e70 DEOPT PACKING pc=0x00007f9ec84c445d sp=0x00007f9e8d3fe530
Event: 73.079 Thread 0x00007f9e744b8e70 DEOPT UNPACKING pc=0x00007f9ec7505325 sp=0x00007f9e8d3fda20 mode 0
Event: 73.081 Thread 0x00007f9e744b8e70 DEOPT PACKING pc=0x00007f9ec84c445d sp=0x00007f9e8d3fe530
Event: 73.081 Thread 0x00007f9e744b8e70 DEOPT UNPACKING pc=0x00007f9ec7505325 sp=0x00007f9e8d3fda20 mode 0
Event: 73.085 Thread 0x00007f9e744b8e70 DEOPT PACKING pc=0x00007f9ec84c445d sp=0x00007f9e8d3fe530
Event: 73.085 Thread 0x00007f9e744b8e70 DEOPT UNPACKING pc=0x00007f9ec7505325 sp=0x00007f9e8d3fda20 mode 0
Event: 73.089 Thread 0x00007f9e744b8e70 DEOPT PACKING pc=0x00007f9ec84c445d sp=0x00007f9e8d3fe530
Event: 73.089 Thread 0x00007f9e744b8e70 DEOPT UNPACKING pc=0x00007f9ec7505325 sp=0x00007f9e8d3fda20 mode 0
Event: 73.091 Thread 0x00007f9e744b8e70 DEOPT PACKING pc=0x00007f9ec84c445d sp=0x00007f9e8d3fe530
Event: 73.091 Thread 0x00007f9e744b8e70 DEOPT UNPACKING pc=0x00007f9ec7505325 sp=0x00007f9e8d3fda20 mode 0
Event: 73.160 Thread 0x00007f9e744b8e70 DEOPT PACKING pc=0x00007f9ec84c445d sp=0x00007f9e8d3fe530
Event: 73.160 Thread 0x00007f9e744b8e70 DEOPT UNPACKING pc=0x00007f9ec7505325 sp=0x00007f9e8d3fda20 mode 0
Event: 380.967 Thread 0x00007f9e744b8e70 Uncommon trap: trap_request=0xffffff8f fr.pc=0x00007f9ecf203c3b relative=0x00000000000011fb
Event: 380.967 Thread 0x00007f9e744b8e70 Uncommon trap: reason=constraint action=none pc=0x00007f9ecf203c3b method=org.eclipse.jdt.internal.core.index.DiskIndex.copyQueryResults(Lorg/eclipse/jdt/internal/compiler/util/HashtableOfObject;I)V @ 123 jvmci
Event: 380.967 Thread 0x00007f9e744b8e70 DEOPT PACKING pc=0x00007f9ecf203c3b sp=0x00007f9e8d3fe530
Event: 380.967 Thread 0x00007f9e744b8e70 DEOPT UNPACKING pc=0x00007f9ec7505325 sp=0x00007f9e8d3fda28 mode 3
Event: 384.673 Thread 0x00007f9e744b8e70 Uncommon trap: trap_request=0xffffff8f fr.pc=0x00007f9ecf203c1f relative=0x00000000000011df
Event: 384.673 Thread 0x00007f9e744b8e70 Uncommon trap: reason=constraint action=none pc=0x00007f9ecf203c1f method=org.eclipse.jdt.internal.core.index.DiskIndex.copyQueryResults(Lorg/eclipse/jdt/internal/compiler/util/HashtableOfObject;I)V @ 123 jvmci
Event: 384.673 Thread 0x00007f9e744b8e70 DEOPT PACKING pc=0x00007f9ecf203c1f sp=0x00007f9e8d3fe530
Event: 384.673 Thread 0x00007f9e744b8e70 DEOPT UNPACKING pc=0x00007f9ec7505325 sp=0x00007f9e8d3fda28 mode 3

Classes unloaded (20 events):
Event: 157.186 Thread 0x00007f9ee00a1c10 Unloading class 0x000000080106ec00 'java/lang/invoke/LambdaForm$MH+0x000000080106ec00'
Event: 157.186 Thread 0x00007f9ee00a1c10 Unloading class 0x000000080106e800 'java/lang/invoke/LambdaForm$MH+0x000000080106e800'
Event: 157.186 Thread 0x00007f9ee00a1c10 Unloading class 0x000000080106e400 'java/lang/invoke/LambdaForm$MH+0x000000080106e400'
Event: 157.186 Thread 0x00007f9ee00a1c10 Unloading class 0x0000000800f0c000 'jdk/internal/reflect/GeneratedConstructorAccessor14'
Event: 157.186 Thread 0x00007f9ee00a1c10 Unloading class 0x0000000800f04800 'jdk/internal/reflect/GeneratedConstructorAccessor10'
Event: 157.186 Thread 0x00007f9ee00a1c10 Unloading class 0x0000000800f04400 'jdk/internal/reflect/GeneratedConstructorAccessor9'
Event: 157.186 Thread 0x00007f9ee00a1c10 Unloading class 0x0000000800f04000 'jdk/internal/reflect/GeneratedConstructorAccessor8'
Event: 157.186 Thread 0x00007f9ee00a1c10 Unloading class 0x0000000800d99000 'java/lang/invoke/LambdaForm$MH+0x0000000800d99000'
Event: 157.186 Thread 0x00007f9ee00a1c10 Unloading class 0x0000000800d98c00 'java/lang/invoke/LambdaForm$MH+0x0000000800d98c00'
Event: 157.186 Thread 0x00007f9ee00a1c10 Unloading class 0x0000000800d98800 'java/lang/invoke/LambdaForm$MH+0x0000000800d98800'
Event: 157.186 Thread 0x00007f9ee00a1c10 Unloading class 0x0000000800d98400 'java/lang/invoke/LambdaForm$MH+0x0000000800d98400'
Event: 157.186 Thread 0x00007f9ee00a1c10 Unloading class 0x0000000800d98000 'jdk/internal/reflect/GeneratedConstructorAccessor3'
Event: 157.186 Thread 0x00007f9ee00a1c10 Unloading class 0x0000000800d06800 'java/lang/invoke/LambdaForm$MH+0x0000000800d06800'
Event: 157.186 Thread 0x00007f9ee00a1c10 Unloading class 0x0000000800d06000 'java/lang/invoke/LambdaForm$MH+0x0000000800d06000'
Event: 157.186 Thread 0x00007f9ee00a1c10 Unloading class 0x0000000800d05c00 'java/lang/invoke/LambdaForm$MH+0x0000000800d05c00'
Event: 157.186 Thread 0x00007f9ee00a1c10 Unloading class 0x0000000800d05800 'java/lang/invoke/LambdaForm$MH+0x0000000800d05800'
Event: 157.186 Thread 0x00007f9ee00a1c10 Unloading class 0x0000000800d05000 'java/lang/invoke/LambdaForm$MH+0x0000000800d05000'
Event: 157.186 Thread 0x00007f9ee00a1c10 Unloading class 0x0000000800d04c00 'java/lang/invoke/LambdaForm$MH+0x0000000800d04c00'
Event: 157.186 Thread 0x00007f9ee00a1c10 Unloading class 0x0000000800d04800 'java/lang/invoke/LambdaForm$MH+0x0000000800d04800'
Event: 157.186 Thread 0x00007f9ee00a1c10 Unloading class 0x0000000800d04000 'java/lang/invoke/LambdaForm$MH+0x0000000800d04000'

Classes redefined (0 events):
No events

Internal exceptions (20 events):
Event: 43.572 Thread 0x00007f9e4434b250 Exception <a 'java/io/FileNotFoundException'{0x00000000f5c7e980}> (0x00000000f5c7e980) 
thrown [src/hotspot/share/prims/jni.cpp, line 516]
Event: 43.761 Thread 0x00007f9e680010d0 Exception <a 'java/lang/NoSuchMethodError'{0x00000000f5d0f598}: 'java.lang.Object java.lang.invoke.DirectMethodHandle$Holder.newInvokeSpecial(java.lang.Object, java.lang.Object, int, java.lang.Object, java.lang.Object)'> (0x00000000f5d0f598) 
thrown [src/hotspot/share/interpreter/linkResolver.cpp, line 758]
Event: 43.762 Thread 0x00007f9e680010d0 Exception <a 'java/lang/NoSuchMethodError'{0x00000000f5d13c18}: 'java.lang.Object java.lang.invoke.DirectMethodHandle$Holder.invokeSpecial(java.lang.Object, java.lang.Object, java.lang.Object, int, java.lang.Object, java.lang.Object)'> (0x00000000f5d13c18) 
thrown [src/hotspot/share/interpreter/linkResolver.cpp, line 758]
Event: 43.959 Thread 0x00007f9e680010d0 Implicit null exception at 0x00007f9ecf15d1b0 to 0x00007f9ecf15d3fa
Event: 44.070 Thread 0x00007f9e680010d0 Exception <a 'java/lang/NoSuchMethodError'{0x00000000f60f90d0}: 'java.lang.Object java.lang.invoke.DirectMethodHandle$Holder.newInvokeSpecial(java.lang.Object, java.lang.Object, java.lang.Object, int, java.lang.Object)'> (0x00000000f60f90d0) 
thrown [src/hotspot/share/interpreter/linkResolver.cpp, line 758]
Event: 44.070 Thread 0x00007f9e680010d0 Exception <a 'java/lang/NoSuchMethodError'{0x00000000f612b548}: 'java.lang.Object java.lang.invoke.DirectMethodHandle$Holder.invokeSpecial(java.lang.Object, java.lang.Object, java.lang.Object, java.lang.Object, int, java.lang.Object)'> (0x00000000f612b548) 
thrown [src/hotspot/share/interpreter/linkResolver.cpp, line 758]
Event: 44.070 Thread 0x00007f9e680010d0 Exception <a 'java/lang/NoSuchMethodError'{0x00000000f615b788}: 'java.lang.Object java.lang.invoke.Invokers$Holder.linkToTargetMethod(java.lang.Object, java.lang.Object, int, java.lang.Object, java.lang.Object)'> (0x00000000f615b788) 
thrown [src/hotspot/share/interpreter/linkResolver.cpp, line 758]
Event: 44.372 Thread 0x00007f9e68305f00 Implicit null exception at 0x00007f9ecefab9d5 to 0x00007f9ecefabce5
Event: 45.861 Thread 0x00007f9e68305f00 Implicit null exception at 0x00007f9ecf0c2369 to 0x00007f9ecf0c251b
Event: 59.087 Thread 0x00007f9e4c14f6d0 Exception <a 'java/lang/NoSuchMethodError'{0x00000000f5bb3998}: 'java.lang.Object java.lang.invoke.DirectMethodHandle$Holder.invokeStatic(java.lang.Object, int, java.lang.Object, java.lang.Object, java.lang.Object, java.lang.Object)'> (0x00000000f5bb3998) 
thrown [src/hotspot/share/interpreter/linkResolver.cpp, line 758]
Event: 59.088 Thread 0x00007f9e4c14f6d0 Exception <a 'java/lang/NoSuchMethodError'{0x00000000f5bbc100}: 'java.lang.Object java.lang.invoke.DirectMethodHandle$Holder.newInvokeSpecial(java.lang.Object, int, java.lang.Object, java.lang.Object, java.lang.Object)'> (0x00000000f5bbc100) 
thrown [src/hotspot/share/interpreter/linkResolver.cpp, line 758]
Event: 59.167 Thread 0x00007f9e4c154660 Exception <a 'java/lang/NoSuchMethodError'{0x00000000f5df9a18}: 'java.lang.Object java.lang.invoke.DirectMethodHandle$Holder.newInvokeSpecial(java.lang.Object, java.lang.Object, int, java.lang.Object, java.lang.Object, java.lang.Object, java.lang.Object)'> (0x00000000f5df9a18) 
thrown [src/hotspot/share/interpreter/linkResolver.cpp, line 758]
Event: 59.171 Thread 0x00007f9e4c155b70 Exception <a 'java/lang/NoSuchMethodError'{0x00000000f5e2c1b0}: 'java.lang.Object java.lang.invoke.DirectMethodHandle$Holder.newInvokeSpecial(java.lang.Object, java.lang.Object, int, java.lang.Object, java.lang.Object, java.lang.Object, java.lang.Object)'> (0x00000000f5e2c1b0) 
thrown [src/hotspot/share/interpreter/linkResolver.cpp, line 758]
Event: 59.292 Thread 0x00007f9e4c150f30 Exception <a 'java/lang/NoSuchMethodError'{0x00000000f6270958}: 'void java.lang.invoke.DirectMethodHandle$Holder.invokeSpecial(java.lang.Object, java.lang.Object, int)'> (0x00000000f6270958) 
thrown [src/hotspot/share/interpreter/linkResolver.cpp, line 758]
Event: 60.569 Thread 0x00007f9e4c14f6d0 Exception <a 'java/lang/NoSuchMethodError'{0x00000000f637c810}: 'int java.lang.invoke.DirectMethodHandle$Holder.invokeSpecialIFC(java.lang.Object, java.lang.Object, java.lang.Object, java.lang.Object)'> (0x00000000f637c810) 
thrown [src/hotspot/share/interpreter/linkResolver.cpp, line 758]
Event: 380.967 Thread 0x00007f9e744b8e70 Exception <a 'java/lang/OutOfMemoryError'{0x00000000e00051a0}> (0x00000000e00051a0) 
thrown [src/hotspot/share/gc/shared/memAllocator.cpp, line 138]
Event: 380.967 Thread 0x00007f9e744b8e70 Implicit null exception at 0x00007f9ecf2036c2 to 0x00007f9ecf203c20
Event: 384.673 Thread 0x00007f9e744b8e70 Exception <a 'java/lang/OutOfMemoryError'{0x00000000e0004c00}> (0x00000000e0004c00) 
thrown [src/hotspot/share/gc/shared/memAllocator.cpp, line 138]
Event: 384.673 Thread 0x00007f9e744b8e70 Implicit null exception at 0x00007f9ecf20368e to 0x00007f9ecf203c04
Event: 395.298 Thread 0x00007f9ee00b21e0 Exception <a 'java/lang/OutOfMemoryError'{0x00000000e0004980}> (0x00000000e0004980) 
thrown [src/hotspot/share/gc/shared/memAllocator.cpp, line 136]

VM Operations (20 events):
Event: 382.275 Executing VM operation: ParallelGCFailedAllocation done
Event: 382.275 Executing VM operation: ParallelGCFailedAllocation
Event: 384.673 Executing VM operation: ParallelGCFailedAllocation done
Event: 384.673 Executing VM operation: ParallelGCFailedAllocation
Event: 385.985 Executing VM operation: ParallelGCFailedAllocation done
Event: 385.985 Executing VM operation: ParallelGCFailedAllocation
Event: 387.212 Executing VM operation: ParallelGCFailedAllocation done
Event: 387.212 Executing VM operation: ParallelGCFailedAllocation
Event: 388.485 Executing VM operation: ParallelGCFailedAllocation done
Event: 388.485 Executing VM operation: ParallelGCFailedAllocation
Event: 389.568 Executing VM operation: ParallelGCFailedAllocation done
Event: 389.568 Executing VM operation: ParallelGCFailedAllocation
Event: 390.586 Executing VM operation: ParallelGCFailedAllocation done
Event: 390.587 Executing VM operation: ParallelGCFailedAllocation
Event: 391.700 Executing VM operation: ParallelGCFailedAllocation done
Event: 391.701 Executing VM operation: ParallelGCFailedAllocation
Event: 392.894 Executing VM operation: ParallelGCFailedAllocation done
Event: 392.894 Executing VM operation: ParallelGCFailedAllocation
Event: 395.298 Executing VM operation: ParallelGCFailedAllocation done
Event: 395.298 Executing VM operation: ParallelGCFailedAllocation

Events (20 events):
Event: 60.557 Thread 0x00007f9ee00b4b40 flushing nmethod 0x00007f9ec8945990
Event: 60.557 Thread 0x00007f9ee00b4b40 flushing nmethod 0x00007f9ec8946110
Event: 60.557 Thread 0x00007f9ee00b4b40 flushing nmethod 0x00007f9ec895b010
Event: 60.557 Thread 0x00007f9ee00b4b40 flushing nmethod 0x00007f9ec895c310
Event: 60.557 Thread 0x00007f9ee00b4b40 flushing nmethod 0x00007f9ec8976990
Event: 60.557 Thread 0x00007f9ee00b4b40 flushing nmethod 0x00007f9ec89a7d10
Event: 60.557 Thread 0x00007f9ee00b4b40 flushing nmethod 0x00007f9ec89a8c90
Event: 61.058 Thread 0x00007f9e4c14f6d0 Thread exited: 0x00007f9e4c14f6d0
Event: 61.473 Thread 0x00007f9e4c14ffe0 Thread exited: 0x00007f9e4c14ffe0
Event: 61.763 Thread 0x00007f9e4c154660 Thread exited: 0x00007f9e4c154660
Event: 61.971 Thread 0x00007f9ee0237460 Thread exited: 0x00007f9ee0237460
Event: 62.268 Thread 0x00007f9e4c150f30 Thread exited: 0x00007f9e4c150f30
Event: 62.276 Thread 0x00007f9e4c155b70 Thread exited: 0x00007f9e4c155b70
Event: 62.461 Thread 0x00007f9e4c153540 Thread exited: 0x00007f9e4c153540
Event: 96.801 Thread 0x00007f9e44336140 Thread exited: 0x00007f9e44336140
Event: 96.801 Thread 0x00007f9e48004d20 Thread exited: 0x00007f9e48004d20
Event: 124.673 Thread 0x00007f9e68305f00 Thread exited: 0x00007f9e68305f00
Event: 124.673 Thread 0x00007f9e4434b250 Thread exited: 0x00007f9e4434b250
Event: 125.891 Thread 0x00007f9e68007670 Thread exited: 0x00007f9e68007670
Event: 137.286 Thread 0x00007f9e7433aef0 Thread exited: 0x00007f9e7433aef0


Dynamic libraries:
e0000000-f5580000 rw-p 00000000 00:00 0 
f5580000-f9180000 rw-p 00000000 00:00 0 
f9180000-100000000 ---p 00000000 00:00 0 
800000000-800449000 rw-p 00001000 00:1456 4611686019135357769            /nix/store/gpxl5qgg8kicmcvivwmybwjlpf7wh20l-graalvm17-ce-22.3.0/lib/server/classes.jsa
800449000-800bc8000 r--p 0044a000 00:1456 4611686019135357769            /nix/store/gpxl5qgg8kicmcvivwmybwjlpf7wh20l-graalvm17-ce-22.3.0/lib/server/classes.jsa
800bc8000-800c00000 ---p 00000000 00:00 0 
800c00000-800c20000 rw-p 00000000 00:00 0 
800c20000-800c40000 rw-p 00000000 00:00 0 
800c40000-800cc0000 rw-p 00000000 00:00 0 
800cc0000-800d00000 rw-p 00000000 00:00 0 
800d00000-800dc0000 rw-p 00000000 00:00 0 
800dc0000-800e00000 rw-p 00000000 00:00 0 
800e00000-800f40000 rw-p 00000000 00:00 0 
800f40000-800fc0000 rw-p 00000000 00:00 0 
800fc0000-8011f0000 rw-p 00000000 00:00 0 
8011f0000-801200000 ---p 00000000 00:00 0 
801200000-801250000 rw-p 00000000 00:00 0 
801250000-840c00000 ---p 00000000 00:00 0 
556fdec05000-556fdec06000 r-xp 00000000 00:1456 4611686019099417844      /nix/store/gpxl5qgg8kicmcvivwmybwjlpf7wh20l-graalvm17-ce-22.3.0/bin/.java-wrapped
556fdec07000-556fdec08000 r--p 00001000 00:1456 4611686019099417844      /nix/store/gpxl5qgg8kicmcvivwmybwjlpf7wh20l-graalvm17-ce-22.3.0/bin/.java-wrapped
556fdec08000-556fdec09000 rw-p 00002000 00:1456 4611686019099417844      /nix/store/gpxl5qgg8kicmcvivwmybwjlpf7wh20l-graalvm17-ce-22.3.0/bin/.java-wrapped
556fdec09000-556fdec0a000 rw-p 00004000 00:1456 4611686019099417844      /nix/store/gpxl5qgg8kicmcvivwmybwjlpf7wh20l-graalvm17-ce-22.3.0/bin/.java-wrapped
556fdec0a000-556fdec0b000 rw-p 00005000 00:1456 4611686019099417844      /nix/store/gpxl5qgg8kicmcvivwmybwjlpf7wh20l-graalvm17-ce-22.3.0/bin/.java-wrapped
556fe099b000-556fe09e3000 rw-p 00000000 00:00 0                          [heap]
7f9dfc000000-7f9dfc034000 rw-p 00000000 00:00 0 
7f9dfc034000-7f9e00000000 ---p 00000000 00:00 0 
7f9e00000000-7f9e00062000 rw-p 00000000 00:00 0 
7f9e00062000-7f9e04000000 ---p 00000000 00:00 0 
7f9e04000000-7f9e04021000 rw-p 00000000 00:00 0 
7f9e04021000-7f9e08000000 ---p 00000000 00:00 0 
7f9e08000000-7f9e08045000 rw-p 00000000 00:00 0 
7f9e08045000-7f9e0c000000 ---p 00000000 00:00 0 
7f9e0c000000-7f9e0c028000 rw-p 00000000 00:00 0 
7f9e0c028000-7f9e10000000 ---p 00000000 00:00 0 
7f9e10000000-7f9e10034000 rw-p 00000000 00:00 0 
7f9e10034000-7f9e14000000 ---p 00000000 00:00 0 
7f9e14000000-7f9e1404a000 rw-p 00000000 00:00 0 
7f9e1404a000-7f9e18000000 ---p 00000000 00:00 0 
7f9e1c000000-7f9e1c021000 rw-p 00000000 00:00 0 
7f9e1c021000-7f9e20000000 ---p 00000000 00:00 0 
7f9e20000000-7f9e200b3000 rw-p 00000000 00:00 0 
7f9e200b3000-7f9e24000000 ---p 00000000 00:00 0 
7f9e24000000-7f9e24021000 rw-p 00000000 00:00 0 
7f9e24021000-7f9e28000000 ---p 00000000 00:00 0 
7f9e28000000-7f9e28021000 rw-p 00000000 00:00 0 
7f9e28021000-7f9e2c000000 ---p 00000000 00:00 0 
7f9e2c000000-7f9e2c021000 rw-p 00000000 00:00 0 
7f9e2c021000-7f9e30000000 ---p 00000000 00:00 0 
7f9e30000000-7f9e30021000 rw-p 00000000 00:00 0 
7f9e30021000-7f9e34000000 ---p 00000000 00:00 0 
7f9e34000000-7f9e3415b000 rw-p 00000000 00:00 0 
7f9e3415b000-7f9e38000000 ---p 00000000 00:00 0 
7f9e38000000-7f9e38600000 rw-p 00000000 00:00 0 
7f9e38600000-7f9e38630000 rw-p 00000000 00:00 0 
7f9e38630000-7f9e38800000 ---p 00000000 00:00 0 
7f9e38c00000-7f9e38d00000 rw-p 00000000 00:00 0 
7f9e38d00000-7f9e38e00000 rw-p 00000000 00:00 0 
7f9e38e00000-7f9e39160000 rw-p 00000000 00:00 0 
7f9e39160000-7f9e39400000 rw-p 00000000 00:00 0 
7f9e39cb3000-7f9e43800000 r--s 00000000 00:1456 4611686019135192581      /nix/store/gpxl5qgg8kicmcvivwmybwjlpf7wh20l-graalvm17-ce-22.3.0/lib/modules
7f9e43800000-7f9e44000000 rw-p 00000000 00:00 0 
7f9e44000000-7f9e444fb000 rw-p 00000000 00:00 0 
7f9e444fb000-7f9e48000000 ---p 00000000 00:00 0 
7f9e48000000-7f9e48021000 rw-p 00000000 00:00 0 
7f9e48021000-7f9e4c000000 ---p 00000000 00:00 0 
7f9e4c000000-7f9e4c160000 rw-p 00000000 00:00 0 
7f9e4c160000-7f9e50000000 ---p 00000000 00:00 0 
7f9e50000000-7f9e50021000 rw-p 00000000 00:00 0 
7f9e50021000-7f9e54000000 ---p 00000000 00:00 0 
7f9e54000000-7f9e5410f000 rw-p 00000000 00:00 0 
7f9e5410f000-7f9e58000000 ---p 00000000 00:00 0 
7f9e58000000-7f9e58021000 rw-p 00000000 00:00 0 
7f9e58021000-7f9e5c000000 ---p 00000000 00:00 0 
7f9e5c000000-7f9e5c123000 rw-p 00000000 00:00 0 
7f9e5c123000-7f9e60000000 ---p 00000000 00:00 0 
7f9e60000000-7f9e60064000 rw-p 00000000 00:00 0 
7f9e60064000-7f9e64000000 ---p 00000000 00:00 0 
7f9e64000000-7f9e64021000 rw-p 00000000 00:00 0 
7f9e64021000-7f9e68000000 ---p 00000000 00:00 0 
7f9e68000000-7f9e6830d000 rw-p 00000000 00:00 0 
7f9e6830d000-7f9e6c000000 ---p 00000000 00:00 0 
7f9e6c000000-7f9e6c021000 rw-p 00000000 00:00 0 
7f9e6c021000-7f9e70000000 ---p 00000000 00:00 0 
7f9e70000000-7f9e70021000 rw-p 00000000 00:00 0 
7f9e70021000-7f9e74000000 ---p 00000000 00:00 0 
7f9e74000000-7f9e748e6000 rw-p 00000000 00:00 0 
7f9e748e6000-7f9e78000000 ---p 00000000 00:00 0 
7f9e78000000-7f9e78027000 rw-p 00000000 00:00 0 
7f9e78027000-7f9e7c000000 ---p 00000000 00:00 0 
7f9e7c000000-7f9e7c021000 rw-p 00000000 00:00 0 
7f9e7c021000-7f9e80000000 ---p 00000000 00:00 0 
7f9e80000000-7f9e80021000 rw-p 00000000 00:00 0 
7f9e80021000-7f9e84000000 ---p 00000000 00:00 0 
7f9e84000000-7f9e84021000 rw-p 00000000 00:00 0 
7f9e84021000-7f9e88000000 ---p 00000000 00:00 0 
7f9e88400000-7f9e884c0000 rw-p 00000000 00:00 0 
7f9e884c0000-7f9e88500000 rw-p 00000000 00:00 0 
7f9e88500000-7f9e886e0000 rw-p 00000000 00:00 0 
7f9e886e0000-7f9e88700000 rw-p 00000000 00:00 0 
7f9e88700000-7f9e88900000 rw-p 00000000 00:00 0 
7f9e88900000-7f9e88a00000 rw-p 00000000 00:00 0 
7f9e88a00000-7f9e88b00000 rw-p 00000000 00:00 0 
7f9e88b00000-7f9e88c00000 rw-p 00000000 00:00 0 
7f9e88c00000-7f9e88d00000 rw-p 00000000 00:00 0 
7f9e88d00000-7f9e88e00000 rw-p 00000000 00:00 0 
7f9e88e00000-7f9e893c0000 rw-p 00000000 00:00 0 
7f9e893c0000-7f9e89400000 rw-p 00000000 00:00 0 
7f9e89400000-7f9e89500000 rw-p 00000000 00:00 0 
7f9e89500000-7f9e89600000 rw-p 00000000 00:00 0 
7f9e89600000-7f9e89900000 rw-p 00000000 00:00 0 
7f9e89900000-7f9e89a00000 rw-p 00000000 00:00 0 
7f9e89a00000-7f9e89c00000 rw-p 00000000 00:00 0 
7f9e89e00000-7f9e89e10000 r-xp 00000000 00:fbe 356                       /home/runner/.cache/jdt-language-server/config/org.eclipse.equinox.launcher/org.eclipse.equinox.launcher.gtk.linux.x86_64_1.2.400.v20211117-0650/eclipse_11600.so
7f9e89e10000-7f9e8a00f000 ---p 00010000 00:fbe 356                       /home/runner/.cache/jdt-language-server/config/org.eclipse.equinox.launcher/org.eclipse.equinox.launcher.gtk.linux.x86_64_1.2.400.v20211117-0650/eclipse_11600.so
7f9e8a00f000-7f9e8a010000 r--p 0000f000 00:fbe 356                       /home/runner/.cache/jdt-language-server/config/org.eclipse.equinox.launcher/org.eclipse.equinox.launcher.gtk.linux.x86_64_1.2.400.v20211117-0650/eclipse_11600.so
7f9e8a010000-7f9e8a011000 rw-p 00010000 00:fbe 356                       /home/runner/.cache/jdt-language-server/config/org.eclipse.equinox.launcher/org.eclipse.equinox.launcher.gtk.linux.x86_64_1.2.400.v20211117-0650/eclipse_11600.so
7f9e8ab00000-7f9e8ac00000 ---p 00000000 00:00 0 
7f9e8ac00000-7f9e8b1af000 r--p 01122000 00:1456 4611686019135190040      /nix/store/gpxl5qgg8kicmcvivwmybwjlpf7wh20l-graalvm17-ce-22.3.0/lib/libjvmcicompiler.so
7f9e8b1af000-7f9e8b300000 r--p 00000000 00:00 0 
7f9e8b300000-7f9e8b33d000 rw-p 00000000 00:00 0 
7f9e8b33d000-7f9e8b85d000 rw-p 0185f000 00:1456 4611686019135190040      /nix/store/gpxl5qgg8kicmcvivwmybwjlpf7wh20l-graalvm17-ce-22.3.0/lib/libjvmcicompiler.so
7f9e8b85d000-7f9e8bc44000 r--p 01d7f000 00:1456 4611686019135190040      /nix/store/gpxl5qgg8kicmcvivwmybwjlpf7wh20l-graalvm17-ce-22.3.0/lib/libjvmcicompiler.so
7f9e8bd00000-7f9e8bd04000 ---p 00000000 00:00 0 
7f9e8bd04000-7f9e8be00000 rw-p 00000000 00:00 0 
7f9e8bf00000-7f9e8bf04000 ---p 00000000 00:00 0 
7f9e8bf04000-7f9e8c000000 rw-p 00000000 00:00 0 
7f9e8c200000-7f9e8c204000 ---p 00000000 00:00 0 
7f9e8c204000-7f9e8c300000 rw-p 00000000 00:00 0 
7f9e8c300000-7f9e8c304000 ---p 00000000 00:00 0 
7f9e8c304000-7f9e8c400000 rw-p 00000000 00:00 0 
7f9e8c500000-7f9e8c504000 ---p 00000000 00:00 0 
7f9e8c504000-7f9e8c600000 rw-p 00000000 00:00 0 
7f9e8c600000-7f9e8c604000 ---p 00000000 00:00 0 
7f9e8c604000-7f9e8c700000 rw-p 00000000 00:00 0 
7f9e8c700000-7f9e8c704000 ---p 00000000 00:00 0 
7f9e8c704000-7f9e8c800000 rw-p 00000000 00:00 0 
7f9e8c900000-7f9e8c904000 ---p 00000000 00:00 0 
7f9e8c904000-7f9e8ca00000 rw-p 00000000 00:00 0 
7f9e8ca00000-7f9e8ca04000 ---p 00000000 00:00 0 
7f9e8ca04000-7f9e8cb00000 rw-p 00000000 00:00 0 
7f9e8cb00000-7f9e8cb04000 ---p 00000000 00:00 0 
7f9e8cb04000-7f9e8cc00000 rw-p 00000000 00:00 0 
7f9e8cc00000-7f9e8cc04000 ---p 00000000 00:00 0 
7f9e8cc04000-7f9e8cd00000 rw-p 00000000 00:00 0 
7f9e8cd00000-7f9e8cd04000 ---p 00000000 00:00 0 
7f9e8cd04000-7f9e8ce00000 rw-p 00000000 00:00 0 
7f9e8ce00000-7f9e8ce04000 ---p 00000000 00:00 0 
7f9e8ce04000-7f9e8cf00000 rw-p 00000000 00:00 0 
7f9e8cf00000-7f9e8cf04000 ---p 00000000 00:00 0 
7f9e8cf04000-7f9e8d000000 rw-p 00000000 00:00 0 
7f9e8d000000-7f9e8d004000 ---p 00000000 00:00 0 
7f9e8d004000-7f9e8d100000 rw-p 00000000 00:00 0 
7f9e8d100000-7f9e8d104000 ---p 00000000 00:00 0 
7f9e8d104000-7f9e8d200000 rw-p 00000000 00:00 0 
7f9e8d200000-7f9e8d204000 ---p 00000000 00:00 0 
7f9e8d204000-7f9e8d300000 rw-p 00000000 00:00 0 
7f9e8d300000-7f9e8d304000 ---p 00000000 00:00 0 
7f9e8d304000-7f9e8d400000 rw-p 00000000 00:00 0 
7f9e8d500000-7f9e8d504000 ---p 00000000 00:00 0 
7f9e8d504000-7f9e8d600000 rw-p 00000000 00:00 0 
7f9e8d700000-7f9e8d704000 ---p 00000000 00:00 0 
7f9e8d704000-7f9e8d800000 rw-p 00000000 00:00 0 
7f9e8d900000-7f9e8d904000 ---p 00000000 00:00 0 
7f9e8d904000-7f9e8da00000 rw-p 00000000 00:00 0 
7f9e8da00000-7f9e8da04000 ---p 00000000 00:00 0 
7f9e8da04000-7f9e8db00000 rw-p 00000000 00:00 0 
7f9e8db00000-7f9e8db04000 ---p 00000000 00:00 0 
7f9e8db04000-7f9e8dc00000 rw-p 00000000 00:00 0 
7f9e8dc00000-7f9e8fd6a000 r-xp 00000000 00:1456 4611686019135190040      /nix/store/gpxl5qgg8kicmcvivwmybwjlpf7wh20l-graalvm17-ce-22.3.0/lib/libjvmcicompiler.so
7f9e8fd6a000-7f9e8ff69000 ---p 0216a000 00:1456 4611686019135190040      /nix/store/gpxl5qgg8kicmcvivwmybwjlpf7wh20l-graalvm17-ce-22.3.0/lib/libjvmcicompiler.so
7f9e8ff69000-7f9e8ff6a000 r--p 02169000 00:1456 4611686019135190040      /nix/store/gpxl5qgg8kicmcvivwmybwjlpf7wh20l-graalvm17-ce-22.3.0/lib/libjvmcicompiler.so
7f9e8ff6a000-7f9e8ff6c000 rw-p 0216a000 00:1456 4611686019135190040      /nix/store/gpxl5qgg8kicmcvivwmybwjlpf7wh20l-graalvm17-ce-22.3.0/lib/libjvmcicompiler.so
7f9e8ff6c000-7f9e8ff6d000 rw-p 00000000 00:00 0 
7f9e8ff6d000-7f9e8ff72000 rw-p 023c3000 00:1456 4611686019135190040      /nix/store/gpxl5qgg8kicmcvivwmybwjlpf7wh20l-graalvm17-ce-22.3.0/lib/libjvmcicompiler.so
7f9e90000000-7f9e90021000 rw-p 00000000 00:00 0 
7f9e90021000-7f9e94000000 ---p 00000000 00:00 0 
7f9e94000000-7f9e94021000 rw-p 00000000 00:00 0 
7f9e94021000-7f9e98000000 ---p 00000000 00:00 0 
7f9e98000000-7f9e98021000 rw-p 00000000 00:00 0 
7f9e98021000-7f9e9c000000 ---p 00000000 00:00 0 
7f9e9c000000-7f9e9c021000 rw-p 00000000 00:00 0 
7f9e9c021000-7f9ea0000000 ---p 00000000 00:00 0 
7f9ea0000000-7f9ea00d8000 rw-p 00000000 00:00 0 
7f9ea00d8000-7f9ea4000000 ---p 00000000 00:00 0 
7f9ea4000000-7f9ea4b72000 rw-p 00000000 00:00 0 
7f9ea4b72000-7f9ea8000000 ---p 00000000 00:00 0 
7f9ea8000000-7f9ea8021000 rw-p 00000000 00:00 0 
7f9ea8021000-7f9eac000000 ---p 00000000 00:00 0 
7f9eac000000-7f9eac021000 rw-p 00000000 00:00 0 
7f9eac021000-7f9eb0000000 ---p 00000000 00:00 0 
7f9eb0000000-7f9eb0021000 rw-p 00000000 00:00 0 
7f9eb0021000-7f9eb4000000 ---p 00000000 00:00 0 
7f9eb4000000-7f9eb4021000 rw-p 00000000 00:00 0 
7f9eb4021000-7f9eb8000000 ---p 00000000 00:00 0 
7f9eb8000000-7f9eb8021000 rw-p 00000000 00:00 0 
7f9eb8021000-7f9ebc000000 ---p 00000000 00:00 0 
7f9ebc000000-7f9ebc021000 rw-p 00000000 00:00 0 
7f9ebc021000-7f9ec0000000 ---p 00000000 00:00 0 
7f9ec0000000-7f9ec01dc000 rw-p 00000000 00:00 0 
7f9ec01dc000-7f9ec4000000 ---p 00000000 00:00 0 
7f9ec4100000-7f9ec4104000 ---p 00000000 00:00 0 
7f9ec4104000-7f9ec4200000 rw-p 00000000 00:00 0 
7f9ec4300000-7f9ec4304000 ---p 00000000 00:00 0 
7f9ec4304000-7f9ec4400000 rw-p 00000000 00:00 0 
7f9ec4400000-7f9ec4404000 ---p 00000000 00:00 0 
7f9ec4404000-7f9ec4500000 rw-p 00000000 00:00 0 
7f9ec4500000-7f9ec4504000 ---p 00000000 00:00 0 
7f9ec4504000-7f9ec4600000 rw-p 00000000 00:00 0 
7f9ec4600000-7f9ec4604000 ---p 00000000 00:00 0 
7f9ec4604000-7f9ec4700000 rw-p 00000000 00:00 0 
7f9ec4700000-7f9ec4704000 ---p 00000000 00:00 0 
7f9ec4704000-7f9ec4800000 rw-p 00000000 00:00 0 
7f9ec4900000-7f9ec4904000 ---p 00000000 00:00 0 
7f9ec4904000-7f9ec4a00000 rw-p 00000000 00:00 0 
7f9ec5768000-7f9ec5c00000 rw-p 00000000 00:00 0 
7f9ec5c18000-7f9ec5c19000 ---p 00000000 00:00 0 
7f9ec5c19000-7f9ec5d1a000 rw-p 00000000 00:00 0 
7f9ec5d1a000-7f9ec5d1e000 ---p 00000000 00:00 0 
7f9ec5d1e000-7f9ec5e1a000 rw-p 00000000 00:00 0 
7f9ec5e1a000-7f9ec5e1e000 ---p 00000000 00:00 0 
7f9ec5e1e000-7f9ec5f1a000 rw-p 00000000 00:00 0 
7f9ec5f1a000-7f9ec5f1e000 ---p 00000000 00:00 0 
7f9ec5f1e000-7f9ec601a000 rw-p 00000000 00:00 0 
7f9ec601a000-7f9ec601e000 ---p 00000000 00:00 0 
7f9ec601e000-7f9ec621a000 rw-p 00000000 00:00 0 
7f9ec621a000-7f9ec621e000 ---p 00000000 00:00 0 
7f9ec621e000-7f9ec641a000 rw-p 00000000 00:00 0 
7f9ec641a000-7f9ec641e000 ---p 00000000 00:00 0 
7f9ec641e000-7f9ec651a000 rw-p 00000000 00:00 0 
7f9ec651a000-7f9ec651e000 ---p 00000000 00:00 0 
7f9ec651e000-7f9ec661a000 rw-p 00000000 00:00 0 
7f9ec661a000-7f9ec661e000 ---p 00000000 00:00 0 
7f9ec661e000-7f9ec671a000 rw-p 00000000 00:00 0 
7f9ec671a000-7f9ec6a00000 r--p 00000000 00:1dd 28444448                  /usr/lib/locale/locale-archive
7f9ec6a00000-7f9ec6a04000 ---p 00000000 00:00 0 
7f9ec6a04000-7f9ec6b00000 rw-p 00000000 00:00 0 
7f9ec6b00000-7f9ec6b04000 ---p 00000000 00:00 0 
7f9ec6b04000-7f9ec7000000 rw-p 00000000 00:00 0 
7f9ec7000000-7f9ec7300000 rw-p 00000000 00:00 0 
7f9ec7300000-7f9ec7400000 rw-p 00000000 00:00 0 
7f9ec7465000-7f9ec7467000 r-xp 00000000 00:1456 4611686019135190017      /nix/store/gpxl5qgg8kicmcvivwmybwjlpf7wh20l-graalvm17-ce-22.3.0/lib/libextnet.so
7f9ec7467000-7f9ec7468000 r--p 00001000 00:1456 4611686019135190017      /nix/store/gpxl5qgg8kicmcvivwmybwjlpf7wh20l-graalvm17-ce-22.3.0/lib/libextnet.so
7f9ec7468000-7f9ec7469000 rw-p 00002000 00:1456 4611686019135190017      /nix/store/gpxl5qgg8kicmcvivwmybwjlpf7wh20l-graalvm17-ce-22.3.0/lib/libextnet.so
7f9ec7469000-7f9ec746a000 rw-p 00004000 00:1456 4611686019135190017      /nix/store/gpxl5qgg8kicmcvivwmybwjlpf7wh20l-graalvm17-ce-22.3.0/lib/libextnet.so
7f9ec746a000-7f9ec746e000 ---p 00000000 00:00 0 
7f9ec746e000-7f9ec748c000 rw-p 00000000 00:00 0 
7f9ec748c000-7f9ec7493000 r-xp 00000000 00:1456 4611686019135192580      /nix/store/gpxl5qgg8kicmcvivwmybwjlpf7wh20l-graalvm17-ce-22.3.0/lib/libzip.so
7f9ec7493000-7f9ec7494000 ---p 00007000 00:1456 4611686019135192580      /nix/store/gpxl5qgg8kicmcvivwmybwjlpf7wh20l-graalvm17-ce-22.3.0/lib/libzip.so
7f9ec7494000-7f9ec7495000 r--p 00007000 00:1456 4611686019135192580      /nix/store/gpxl5qgg8kicmcvivwmybwjlpf7wh20l-graalvm17-ce-22.3.0/lib/libzip.so
7f9ec7495000-7f9ec7496000 rw-p 00008000 00:1456 4611686019135192580      /nix/store/gpxl5qgg8kicmcvivwmybwjlpf7wh20l-graalvm17-ce-22.3.0/lib/libzip.so
7f9ec7496000-7f9ec7498000 rw-p 0000b000 00:1456 4611686019135192580      /nix/store/gpxl5qgg8kicmcvivwmybwjlpf7wh20l-graalvm17-ce-22.3.0/lib/libzip.so
7f9ec7498000-7f9ec74ad000 r-xp 00000000 00:1456 4611686019135192570      /nix/store/gpxl5qgg8kicmcvivwmybwjlpf7wh20l-graalvm17-ce-22.3.0/lib/libnet.so
7f9ec74ad000-7f9ec74ae000 ---p 00015000 00:1456 4611686019135192570      /nix/store/gpxl5qgg8kicmcvivwmybwjlpf7wh20l-graalvm17-ce-22.3.0/lib/libnet.so
7f9ec74ae000-7f9ec74af000 r--p 00015000 00:1456 4611686019135192570      /nix/store/gpxl5qgg8kicmcvivwmybwjlpf7wh20l-graalvm17-ce-22.3.0/lib/libnet.so
7f9ec74af000-7f9ec74b0000 rw-p 00016000 00:1456 4611686019135192570      /nix/store/gpxl5qgg8kicmcvivwmybwjlpf7wh20l-graalvm17-ce-22.3.0/lib/libnet.so
7f9ec74b0000-7f9ec74b3000 rw-p 0001b000 00:1456 4611686019135192570      /nix/store/gpxl5qgg8kicmcvivwmybwjlpf7wh20l-graalvm17-ce-22.3.0/lib/libnet.so
7f9ec74b3000-7f9ec7723000 rwxp 00000000 00:00 0 
7f9ec7723000-7f9ec7a42000 ---p 00000000 00:00 0 
7f9ec7a42000-7f9ec8b42000 rwxp 00000000 00:00 0 
7f9ec8b42000-7f9ecef7a000 ---p 00000000 00:00 0 
7f9ecef7a000-7f9ecf21a000 rwxp 00000000 00:00 0 
7f9ecf21a000-7f9ed64b3000 ---p 00000000 00:00 0 
7f9ed64b3000-7f9ee0000000 r--s 00000000 00:1456 4611686019135192581      /nix/store/gpxl5qgg8kicmcvivwmybwjlpf7wh20l-graalvm17-ce-22.3.0/lib/modules
7f9ee0000000-7f9ee0610000 rw-p 00000000 00:00 0 
7f9ee0610000-7f9ee4000000 ---p 00000000 00:00 0 
7f9ee4001000-7f9ee4014000 r-xp 00000000 00:1456 4611686019135192571      /nix/store/gpxl5qgg8kicmcvivwmybwjlpf7wh20l-graalvm17-ce-22.3.0/lib/libnio.so
7f9ee4014000-7f9ee4015000 r--p 00012000 00:1456 4611686019135192571      /nix/store/gpxl5qgg8kicmcvivwmybwjlpf7wh20l-graalvm17-ce-22.3.0/lib/libnio.so
7f9ee4015000-7f9ee4016000 rw-p 00013000 00:1456 4611686019135192571      /nix/store/gpxl5qgg8kicmcvivwmybwjlpf7wh20l-graalvm17-ce-22.3.0/lib/libnio.so
7f9ee4016000-7f9ee401b000 rw-p 00019000 00:1456 4611686019135192571      /nix/store/gpxl5qgg8kicmcvivwmybwjlpf7wh20l-graalvm17-ce-22.3.0/lib/libnio.so
7f9ee401b000-7f9ee401c000 ---p 00000000 00:00 0 
7f9ee401c000-7f9ee411d000 rw-p 00000000 00:00 0 
7f9ee411d000-7f9ee41eb000 r-xp 00000000 00:1456 4611686019135190036      /nix/store/gpxl5qgg8kicmcvivwmybwjlpf7wh20l-graalvm17-ce-22.3.0/lib/libjsvml.so
7f9ee41eb000-7f9ee41ec000 r--p 000cd000 00:1456 4611686019135190036      /nix/store/gpxl5qgg8kicmcvivwmybwjlpf7wh20l-graalvm17-ce-22.3.0/lib/libjsvml.so
7f9ee41ec000-7f9ee41ed000 rw-p 000ce000 00:1456 4611686019135190036      /nix/store/gpxl5qgg8kicmcvivwmybwjlpf7wh20l-graalvm17-ce-22.3.0/lib/libjsvml.so
7f9ee41ed000-7f9ee5ac5000 rw-p 00000000 00:00 0 
7f9ee5ac5000-7f9ee5ac6000 ---p 00000000 00:00 0 
7f9ee5ac6000-7f9ee5c71000 rw-p 00000000 00:00 0 
7f9ee5c71000-7f9ee5c90000 rw-p 00000000 00:00 0 
7f9ee5c90000-7f9ee5cc7000 ---p 00000000 00:00 0 
7f9ee5cc7000-7f9ee5cce000 rw-p 00000000 00:00 0 
7f9ee5cce000-7f9ee5db3000 ---p 00000000 00:00 0 
7f9ee5db3000-7f9ee5dd5000 rw-p 00000000 00:00 0 
7f9ee5dd5000-7f9ee5e9e000 ---p 00000000 00:00 0 
7f9ee5e9e000-7f9ee5ea3000 rw-p 00000000 00:00 0 
7f9ee5ea3000-7f9ee5eaa000 ---p 00000000 00:00 0 
7f9ee5eaa000-7f9ee5ece000 r-xp 00000000 00:1456 4611686019135190028      /nix/store/gpxl5qgg8kicmcvivwmybwjlpf7wh20l-graalvm17-ce-22.3.0/lib/libjava.so
7f9ee5ece000-7f9ee5ecf000 ---p 00024000 00:1456 4611686019135190028      /nix/store/gpxl5qgg8kicmcvivwmybwjlpf7wh20l-graalvm17-ce-22.3.0/lib/libjava.so
7f9ee5ecf000-7f9ee5ed0000 r--p 00024000 00:1456 4611686019135190028      /nix/store/gpxl5qgg8kicmcvivwmybwjlpf7wh20l-graalvm17-ce-22.3.0/lib/libjava.so
7f9ee5ed0000-7f9ee5ed1000 rw-p 00025000 00:1456 4611686019135190028      /nix/store/gpxl5qgg8kicmcvivwmybwjlpf7wh20l-graalvm17-ce-22.3.0/lib/libjava.so
7f9ee5ed1000-7f9ee5ed2000 rw-p 00000000 00:00 0 
7f9ee5ed2000-7f9ee5ed9000 rw-p 0002f000 00:1456 4611686019135190028      /nix/store/gpxl5qgg8kicmcvivwmybwjlpf7wh20l-graalvm17-ce-22.3.0/lib/libjava.so
7f9ee5ed9000-7f9ee5ee1000 rw-s 00000000 00:1234 351                      /tmp/hsperfdata_runner/30
7f9ee5ee1000-7f9ee5ee2000 ---p 00000000 00:00 0 
7f9ee5ee2000-7f9ee5ee3000 r--p 00000000 00:00 0 
7f9ee5ee3000-7f9ee5ee4000 rwxp 00000000 00:00 0 
7f9ee5ee4000-7f9ee5eff000 r-xp 00000000 00:1456 4611686019135190032      /nix/store/gpxl5qgg8kicmcvivwmybwjlpf7wh20l-graalvm17-ce-22.3.0/lib/libjimage.so
7f9ee5eff000-7f9ee5f00000 ---p 0001b000 00:1456 4611686019135190032      /nix/store/gpxl5qgg8kicmcvivwmybwjlpf7wh20l-graalvm17-ce-22.3.0/lib/libjimage.so
7f9ee5f00000-7f9ee5f02000 r--p 0001b000 00:1456 4611686019135190032      /nix/store/gpxl5qgg8kicmcvivwmybwjlpf7wh20l-graalvm17-ce-22.3.0/lib/libjimage.so
7f9ee5f02000-7f9ee5f03000 rw-p 0001d000 00:1456 4611686019135190032      /nix/store/gpxl5qgg8kicmcvivwmybwjlpf7wh20l-graalvm17-ce-22.3.0/lib/libjimage.so
7f9ee5f03000-7f9ee5f04000 rw-p 00024000 00:1456 4611686019135190032      /nix/store/gpxl5qgg8kicmcvivwmybwjlpf7wh20l-graalvm17-ce-22.3.0/lib/libjimage.so
7f9ee5f04000-7f9ee5f08000 ---p 00000000 00:00 0 
7f9ee5f08000-7f9ee6004000 rw-p 00000000 00:00 0 
7f9ee6004000-7f9ee6012000 r--p 00000000 00:1456 4611686019027979927      /nix/store/4nlgxhb09sdr51nc9hdm8az5b08vzkgx-glibc-2.35-163/lib/libm.so.6
7f9ee6012000-7f9ee6085000 r-xp 0000e000 00:1456 4611686019027979927      /nix/store/4nlgxhb09sdr51nc9hdm8az5b08vzkgx-glibc-2.35-163/lib/libm.so.6
7f9ee6085000-7f9ee60e2000 r--p 00081000 00:1456 4611686019027979927      /nix/store/4nlgxhb09sdr51nc9hdm8az5b08vzkgx-glibc-2.35-163/lib/libm.so.6
7f9ee60e2000-7f9ee60e3000 r--p 000dd000 00:1456 4611686019027979927      /nix/store/4nlgxhb09sdr51nc9hdm8az5b08vzkgx-glibc-2.35-163/lib/libm.so.6
7f9ee60e3000-7f9ee60e4000 rw-p 000de000 00:1456 4611686019027979927      /nix/store/4nlgxhb09sdr51nc9hdm8az5b08vzkgx-glibc-2.35-163/lib/libm.so.6
7f9ee60e4000-7f9ee60e5000 r--p 00000000 00:1456 4611686019027979946      /nix/store/4nlgxhb09sdr51nc9hdm8az5b08vzkgx-glibc-2.35-163/lib/librt.so.1
7f9ee60e5000-7f9ee60e6000 r-xp 00001000 00:1456 4611686019027979946      /nix/store/4nlgxhb09sdr51nc9hdm8az5b08vzkgx-glibc-2.35-163/lib/librt.so.1
7f9ee60e6000-7f9ee60e7000 r--p 00002000 00:1456 4611686019027979946      /nix/store/4nlgxhb09sdr51nc9hdm8az5b08vzkgx-glibc-2.35-163/lib/librt.so.1
7f9ee60e7000-7f9ee60e8000 r--p 00002000 00:1456 4611686019027979946      /nix/store/4nlgxhb09sdr51nc9hdm8az5b08vzkgx-glibc-2.35-163/lib/librt.so.1
7f9ee60e8000-7f9ee60e9000 rw-p 00003000 00:1456 4611686019027979946      /nix/store/4nlgxhb09sdr51nc9hdm8az5b08vzkgx-glibc-2.35-163/lib/librt.so.1
7f9ee60e9000-7f9ee71fc000 r-xp 00000000 00:1456 4611686019135360866      /nix/store/gpxl5qgg8kicmcvivwmybwjlpf7wh20l-graalvm17-ce-22.3.0/lib/server/libjvm.so
7f9ee71fc000-7f9ee71fd000 ---p 01113000 00:1456 4611686019135360866      /nix/store/gpxl5qgg8kicmcvivwmybwjlpf7wh20l-graalvm17-ce-22.3.0/lib/server/libjvm.so
7f9ee71fd000-7f9ee72b2000 r--p 01113000 00:1456 4611686019135360866      /nix/store/gpxl5qgg8kicmcvivwmybwjlpf7wh20l-graalvm17-ce-22.3.0/lib/server/libjvm.so
7f9ee72b2000-7f9ee72e6000 rw-p 011c8000 00:1456 4611686019135360866      /nix/store/gpxl5qgg8kicmcvivwmybwjlpf7wh20l-graalvm17-ce-22.3.0/lib/server/libjvm.so
7f9ee72e6000-7f9ee7342000 rw-p 00000000 00:00 0 
7f9ee7342000-7f9ee736a000 r--p 00000000 00:1456 4611686019027979918      /nix/store/4nlgxhb09sdr51nc9hdm8az5b08vzkgx-glibc-2.35-163/lib/libc.so.6
7f9ee736a000-7f9ee74e0000 r-xp 00028000 00:1456 4611686019027979918      /nix/store/4nlgxhb09sdr51nc9hdm8az5b08vzkgx-glibc-2.35-163/lib/libc.so.6
7f9ee74e0000-7f9ee7538000 r--p 0019e000 00:1456 4611686019027979918      /nix/store/4nlgxhb09sdr51nc9hdm8az5b08vzkgx-glibc-2.35-163/lib/libc.so.6
7f9ee7538000-7f9ee753c000 r--p 001f6000 00:1456 4611686019027979918      /nix/store/4nlgxhb09sdr51nc9hdm8az5b08vzkgx-glibc-2.35-163/lib/libc.so.6
7f9ee753c000-7f9ee753e000 rw-p 001fa000 00:1456 4611686019027979918      /nix/store/4nlgxhb09sdr51nc9hdm8az5b08vzkgx-glibc-2.35-163/lib/libc.so.6
7f9ee753e000-7f9ee754d000 rw-p 00000000 00:00 0 
7f9ee754d000-7f9ee754e000 r--p 00000000 00:1456 4611686019027979923      /nix/store/4nlgxhb09sdr51nc9hdm8az5b08vzkgx-glibc-2.35-163/lib/libdl.so.2
7f9ee754e000-7f9ee754f000 r-xp 00001000 00:1456 4611686019027979923      /nix/store/4nlgxhb09sdr51nc9hdm8az5b08vzkgx-glibc-2.35-163/lib/libdl.so.2
7f9ee754f000-7f9ee7550000 r--p 00002000 00:1456 4611686019027979923      /nix/store/4nlgxhb09sdr51nc9hdm8az5b08vzkgx-glibc-2.35-163/lib/libdl.so.2
7f9ee7550000-7f9ee7551000 r--p 00002000 00:1456 4611686019027979923      /nix/store/4nlgxhb09sdr51nc9hdm8az5b08vzkgx-glibc-2.35-163/lib/libdl.so.2
7f9ee7551000-7f9ee7552000 rw-p 00003000 00:1456 4611686019027979923      /nix/store/4nlgxhb09sdr51nc9hdm8az5b08vzkgx-glibc-2.35-163/lib/libdl.so.2
7f9ee7552000-7f9ee7553000 r--p 00000000 00:1456 4611686019027979942      /nix/store/4nlgxhb09sdr51nc9hdm8az5b08vzkgx-glibc-2.35-163/lib/libpthread.so.0
7f9ee7553000-7f9ee7554000 r-xp 00001000 00:1456 4611686019027979942      /nix/store/4nlgxhb09sdr51nc9hdm8az5b08vzkgx-glibc-2.35-163/lib/libpthread.so.0
7f9ee7554000-7f9ee7555000 r--p 00002000 00:1456 4611686019027979942      /nix/store/4nlgxhb09sdr51nc9hdm8az5b08vzkgx-glibc-2.35-163/lib/libpthread.so.0
7f9ee7555000-7f9ee7556000 r--p 00002000 00:1456 4611686019027979942      /nix/store/4nlgxhb09sdr51nc9hdm8az5b08vzkgx-glibc-2.35-163/lib/libpthread.so.0
7f9ee7556000-7f9ee7557000 rw-p 00003000 00:1456 4611686019027979942      /nix/store/4nlgxhb09sdr51nc9hdm8az5b08vzkgx-glibc-2.35-163/lib/libpthread.so.0
7f9ee7557000-7f9ee7565000 r-xp 00000000 00:1456 4611686019135190033      /nix/store/gpxl5qgg8kicmcvivwmybwjlpf7wh20l-graalvm17-ce-22.3.0/lib/libjli.so
7f9ee7565000-7f9ee7566000 ---p 0000e000 00:1456 4611686019135190033      /nix/store/gpxl5qgg8kicmcvivwmybwjlpf7wh20l-graalvm17-ce-22.3.0/lib/libjli.so
7f9ee7566000-7f9ee7567000 r--p 0000e000 00:1456 4611686019135190033      /nix/store/gpxl5qgg8kicmcvivwmybwjlpf7wh20l-graalvm17-ce-22.3.0/lib/libjli.so
7f9ee7567000-7f9ee7568000 rw-p 0000f000 00:1456 4611686019135190033      /nix/store/gpxl5qgg8kicmcvivwmybwjlpf7wh20l-graalvm17-ce-22.3.0/lib/libjli.so
7f9ee7568000-7f9ee7569000 rw-p 00012000 00:1456 4611686019135190033      /nix/store/gpxl5qgg8kicmcvivwmybwjlpf7wh20l-graalvm17-ce-22.3.0/lib/libjli.so
7f9ee7569000-7f9ee756c000 r--p 00000000 00:1456 4611686019106210071      /nix/store/026hln0aq1hyshaxsdvhg0kmcm6yf45r-zlib-1.2.13/lib/libz.so.1.2.13
7f9ee756c000-7f9ee757e000 r-xp 00003000 00:1456 4611686019106210071      /nix/store/026hln0aq1hyshaxsdvhg0kmcm6yf45r-zlib-1.2.13/lib/libz.so.1.2.13
7f9ee757e000-7f9ee7585000 r--p 00015000 00:1456 4611686019106210071      /nix/store/026hln0aq1hyshaxsdvhg0kmcm6yf45r-zlib-1.2.13/lib/libz.so.1.2.13
7f9ee7585000-7f9ee7586000 r--p 0001b000 00:1456 4611686019106210071      /nix/store/026hln0aq1hyshaxsdvhg0kmcm6yf45r-zlib-1.2.13/lib/libz.so.1.2.13
7f9ee7586000-7f9ee7587000 rw-p 0001c000 00:1456 4611686019106210071      /nix/store/026hln0aq1hyshaxsdvhg0kmcm6yf45r-zlib-1.2.13/lib/libz.so.1.2.13
7f9ee7587000-7f9ee7589000 rw-p 00000000 00:00 0 
7f9ee7589000-7f9ee758b000 r--p 00000000 00:1456 4611686019027979912      /nix/store/4nlgxhb09sdr51nc9hdm8az5b08vzkgx-glibc-2.35-163/lib/ld-linux-x86-64.so.2
7f9ee758b000-7f9ee75b2000 r-xp 00002000 00:1456 4611686019027979912      /nix/store/4nlgxhb09sdr51nc9hdm8az5b08vzkgx-glibc-2.35-163/lib/ld-linux-x86-64.so.2
7f9ee75b2000-7f9ee75be000 r--p 00029000 00:1456 4611686019027979912      /nix/store/4nlgxhb09sdr51nc9hdm8az5b08vzkgx-glibc-2.35-163/lib/ld-linux-x86-64.so.2
7f9ee75be000-7f9ee75c0000 r--p 00034000 00:1456 4611686019027979912      /nix/store/4nlgxhb09sdr51nc9hdm8az5b08vzkgx-glibc-2.35-163/lib/ld-linux-x86-64.so.2
7f9ee75c0000-7f9ee75c2000 rw-p 00036000 00:1456 4611686019027979912      /nix/store/4nlgxhb09sdr51nc9hdm8az5b08vzkgx-glibc-2.35-163/lib/ld-linux-x86-64.so.2
7fff6ee6d000-7fff6ee92000 rw-p 00000000 00:00 0                          [stack]
7fff6ef8f000-7fff6ef93000 r--p 00000000 00:00 0                          [vvar]
7fff6ef93000-7fff6ef95000 r-xp 00000000 00:00 0                          [vdso]
ffffffffff600000-ffffffffff601000 --xp 00000000 00:00 0                  [vsyscall]


VM Arguments:
jvm_args: -XX:ThreadPriorityPolicy=1 -XX:+UnlockExperimentalVMOptions -XX:+EnableJVMCIProduct -XX:JVMCIThreadsPerNativeLibraryRuntime=1 -XX:-UnlockExperimentalVMOptions -Declipse.application=org.eclipse.jdt.ls.core.id1 -Dosgi.bundles.defaultStartLevel=4 -Declipse.product=org.eclipse.jdt.ls.core.product -Dlog.level=ALL -Xverify:none -XX:+UseParallelGC -XX:GCTimeRatio=4 -XX:AdaptiveSizePolicyWeight=90 -Dsun.zip.disableMemoryMapping=true -Xmx512m -Xms100m 
java_command: /nix/store/m6gcpi1ii6rghy04cjwjddcavv7i90df-jdt-language-server-1.9.0/share/java/plugins/org.eclipse.equinox.launcher_1.6.400.v20210924-0641.jar --add-modules=ALL-SYSTEM --add-opens java.base/java.util=ALL-UNNAMED --add-opens java.base/java.lang=ALL-UNNAMED -configuration /home/runner/.cache/jdt-language-server/config -data /home/runner/.cache/jdt-language-server/data/home/runner/ObjOr-Battleship
java_class_path (initial): /nix/store/m6gcpi1ii6rghy04cjwjddcavv7i90df-jdt-language-server-1.9.0/share/java/plugins/org.eclipse.equinox.launcher_1.6.400.v20210924-0641.jar
Launcher Type: SUN_STANDARD

[Global flags]
    uintx AdaptiveSizePolicyWeight                 = 90                                        {product} {command line}
     intx CICompilerCount                          = 2                                         {product} {ergonomic}
     bool EnableJVMCIProduct                       = true                                {JVMCI product} {jimage}
    uintx GCTimeRatio                              = 4                                         {product} {command line}
   size_t InitialHeapSize                          = 104857600                                 {product} {command line}
     uint JVMCIThreadsPerNativeLibraryRuntime      = 1                                   {JVMCI product} {jimage}
   size_t MaxHeapSize                              = 536870912                                 {product} {command line}
   size_t MaxNewSize                               = 178782208                                 {product} {ergonomic}
   size_t MinHeapDeltaBytes                        = 524288                                    {product} {ergonomic}
   size_t MinHeapSize                              = 104857600                                 {product} {command line}
   size_t NewSize                                  = 34603008                                  {product} {ergonomic}
    uintx NonNMethodCodeHeapSize                   = 5826188                                {pd product} {ergonomic}
    uintx NonProfiledCodeHeapSize                  = 122916026                              {pd product} {ergonomic}
   size_t OldSize                                  = 70254592                                  {product} {ergonomic}
    uintx ProfiledCodeHeapSize                     = 122916026                              {pd product} {ergonomic}
    uintx ReservedCodeCacheSize                    = 251658240                              {pd product} {ergonomic}
     bool SegmentedCodeCache                       = true                                      {product} {ergonomic}
   size_t SoftMaxHeapSize                          = 536870912                              {manageable} {ergonomic}
     intx ThreadPriorityPolicy                     = 1                                         {product} {jimage}
     bool UseCompressedClassPointers               = true                           {product lp64_product} {ergonomic}
     bool UseCompressedOops                        = true                           {product lp64_product} {ergonomic}
     bool UseParallelGC                            = true                                      {product} {command line}

Logging:
Log output configuration:
 #0: stdout all=warning uptime,level,tags
 #1: stderr all=off uptime,level,tags

Environment Variables:
JAVA_HOME=/nix/store/gpxl5qgg8kicmcvivwmybwjlpf7wh20l-graalvm17-ce-22.3.0
PATH=/nix/store/1d6ian3r8kdzspw8hacjhl3xkp40g1lj-binutils-wrapper-2.39/bin:/nix/store/dq0xwmsk1g0i2ayg6pb7y87na2knzylh-gcc-wrapper-11.3.0/bin:/nix/store/bap4d0lpcrhpwmpb8ayjcgkmvfj62lnq-bash-interactive-5.1-p16/bin:/nix/store/pr5n59mb4jzmfx6kanwxly0l07p861fg-patchelf-0.15.0/bin:/nix/store/1gf2flfqnpqbr1b4p4qz2f72y42bs56r-gcc-11.3.0/bin:/nix/store/57xv61c5zi8pphjbcwxxjlgc34p61ic9-glibc-2.35-163-bin/bin:/nix/store/a7gvj343m05j2s32xcnwr35v31ynlypr-coreutils-9.1/bin:/nix/store/039g378vc3pc3dvi9dzdlrd0i4q93qwf-binutils-2.39/bin:/nix/store/gpxl5qgg8kicmcvivwmybwjlpf7wh20l-graalvm17-ce-22.3.0/bin:/nix/store/6z9ag3ihc8mq2hzsw48lhbznvzny65nz-apache-maven-3.8.6/bin:/nix/store/m6gcpi1ii6rghy04cjwjddcavv7i90df-jdt-language-server-1.9.0/bin:/nix/store/84xs5alhs01zrbr4ywm05kxbjbp5590l-java-debug/bin:/nix/store/mydc6f4k2z73xlcz7ilif3v2lcaiqvza-findutils-4.9.0/bin:/nix/store/j9p3g8472iijd50vhdprx0nmk2fqn5gv-diffutils-3.8/bin:/nix/store/89zs7rms6x00xfq4dq6m7mjnhkr8a6r4-gnused-4.8/bin:/nix/store/86bp03jkmsl6f92w0yzg4s59g5mhxwmy-gnugrep-3.7/bin:/nix/store/hwcdqw4jrjnd37wxqgsd47hd0j8bnj09-gawk-5.1.1/bin:/nix/store/cfbhw8r8ags41vwqaz47r583d0p4h4a1-gnutar-1.34/bin:/nix/store/p3m1ndl1lapwrlh698bnb5lvvxh67378-gzip-1.12/bin:/nix/store/a8mhcagrsly7c7mpjrpsnaahk4aax056-bzip2-1.0.8-bin/bin:/nix/store/mblgz65m3zv9x548a3d5m96fj2pbwr09-gnumake-4.3/bin:/nix/store/dsd5gz46hdbdk2rfdimqddhq6m8m8fqs-bash-5.1-p16/bin:/nix/store/v7ljksji50mg3w61dykaa3n3y79n6nil-patch-2.7.6/bin:/nix/store/zlcnmqq14jz5x9439jf937mvayyl63da-xz-5.2.7-bin/bin:/nix/store/y6aj732zm9m87c82fpvf103a1xb22blp-file-5.43/bin:/nix/store/i4kzir3m7mrisxmf5xvlnkw01x4qaqr4-prybar-elisp-0.0.0-e0d9a52/bin:/nix/store/lwwivxf6h7x3cvxp9zv8sj0mv7dak99r-prybar-lua-0.0.0-e0d9a52/bin:/nix/store/gxj28g1cg4hq3qanmjv07156h800qr58-prybar-python3-0.0.0-e0d9a52/bin:/nix/store/hshkjnxrgidigf8x75vg6lqng2xlx9i3-prybar-sqlite-0.0.0-e0d9a52/bin:/nix/store/c4w01bpjgyy5ixmwdk8m1pw87zq4sl26-prybar-tcl-0.0.0-e0d9a52/bin:/nix/store/hpbvrlwd5viqmvcaisb3x0118i913a9n-st
LD_LIBRARY_PATH=/nix/store/a4pff549sk2idnkpzk5nsfps3mdkdnvm-cups-2.4.2-lib/lib:/nix/store/72mqxxhh3cy5yifh92wh2yb8cl2hikyy-cairo-1.16.0/lib:/nix/store/2k366jrbsra97gjfxwvrhvixjfxdach5-glib-2.74.1/lib:/nix/store/2j2znigd8ak37rlwh9khz0ry3clqlw1l-gtk+3-3.24.34/lib:/nix/store/hisqvx32cd57apbpcsnkpx6k3549wql1-libglvnd-1.4.0/lib:/nix/store/p36pgcv991mq5srvg765b78yqpxvk3qs-mesa-21.3.3-drivers/lib:/nix/store/mav4251if1ahjq5vkpwycyyvnmy459c4-pulseaudio-14.2/lib
DISPLAY=:0
LANG=en_US.UTF-8

Signal Handlers:
   SIGSEGV: crash_handler in libjvm.so, mask=11100100010111111101111111111110, flags=SA_RESTART|SA_SIGINFO
    SIGBUS: crash_handler in libjvm.so, mask=11100100010111111101111111111110, flags=SA_RESTART|SA_SIGINFO
    SIGFPE: crash_handler in libjvm.so, mask=11100100010111111101111111111110, flags=SA_RESTART|SA_SIGINFO
   SIGPIPE: IsolateEnterStub_IgnoreSIGPIPEStartupHook_noopSignalHandler_8f19bff2f35b5f630d83b364d6b2339320d4ec70_216e8361c6bc87a8f89f58cc10d3b2fd4415bf87 in libjvmcicompiler.so, mask=00000000000000000000000000000000, flags=SA_RESTART
  *** Handler was modified!
  *** Expected: javaSignalHandler in libjvm.so, mask=11100100110111111111111111111110, flags=SA_RESTART|SA_SIGINFO
   SIGXFSZ: javaSignalHandler in libjvm.so, mask=11100100010111111101111111111110, flags=SA_RESTART|SA_SIGINFO
    SIGILL: crash_handler in libjvm.so, mask=11100100010111111101111111111110, flags=SA_RESTART|SA_SIGINFO
   SIGUSR2: SR_handler in libjvm.so, mask=00000000000000000000000000000000, flags=SA_RESTART|SA_SIGINFO
    SIGHUP: UserHandler in libjvm.so, mask=11100100010111111101111111111110, flags=SA_RESTART|SA_SIGINFO
    SIGINT: UserHandler in libjvm.so, mask=11100100010111111101111111111110, flags=SA_RESTART|SA_SIGINFO
   SIGTERM: UserHandler in libjvm.so, mask=11100100010111111101111111111110, flags=SA_RESTART|SA_SIGINFO
   SIGQUIT: UserHandler in libjvm.so, mask=11100100010111111101111111111110, flags=SA_RESTART|SA_SIGINFO
  *** Handler was modified!
  *** Expected: javaSignalHandler in libjvm.so, mask=11100100110111111111111111111110, flags=SA_RESTART|SA_SIGINFO
   SIGTRAP: crash_handler in libjvm.so, mask=11100100010111111101111111111110, flags=SA_RESTART|SA_SIGINFO


---------------  S Y S T E M  ---------------

OS:
DISTRIB_ID=Ubuntu
DISTRIB_RELEASE=20.04
DISTRIB_CODENAME=focal
DISTRIB_DESCRIPTION="Ubuntu 20.04.2 LTS"
uname: Linux 5.19.0-1022-gcp #24~22.04.1-Ubuntu SMP Sun Apr 23 09:51:08 UTC 2023 x86_64
OS uptime: 0 days 2:43 hours
libc: glibc 2.35 NPTL 2.35 
rlimit (soft/hard): STACK 8192k/infinity , CORE infinity/infinity , NPROC infinity/infinity , NOFILE 5242/5242 , AS infinity/infinity , CPU infinity/infinity , DATA infinity/infinity , FSIZE infinity/infinity , MEMLOCK 8192k/8192k
load average: 6.93 8.15 8.82

/proc/meminfo:
MemTotal:       65852256 kB
MemFree:        25200312 kB
MemAvailable:   46116060 kB
Buffers:         1768564 kB
Cached:         18138316 kB
SwapCached:            0 kB
Active:          8474328 kB
Inactive:       28632316 kB
Active(anon):      15552 kB
Inactive(anon): 16898360 kB
Active(file):    8458776 kB
Inactive(file): 11733956 kB
Unevictable:       55592 kB
Mlocked:           55592 kB
SwapTotal:             0 kB
SwapFree:              0 kB
Zswap:                 0 kB
Zswapped:              0 kB
Dirty:              8328 kB
Writeback:           532 kB
AnonPages:      16845640 kB
Mapped:          1801036 kB
Shmem:             26224 kB
KReclaimable:    1449616 kB
Slab:            2497032 kB
SReclaimable:    1449616 kB
SUnreclaim:      1047416 kB
KernelStack:      425460 kB
PageTables:       187640 kB
NFS_Unstable:          0 kB
Bounce:                0 kB
WritebackTmp:          0 kB
CommitLimit:    32926128 kB
Committed_AS:   60678376 kB
VmallocTotal:   34359738367 kB
VmallocUsed:      464748 kB
VmallocChunk:          0 kB
Percpu:            47520 kB
HardwareCorrupted:     0 kB
AnonHugePages:   2723840 kB
ShmemHugePages:        0 kB
ShmemPmdMapped:        0 kB
FileHugePages:         0 kB
FilePmdMapped:         0 kB
HugePages_Total:       0
HugePages_Free:        0
HugePages_Rsvd:        0
HugePages_Surp:        0
Hugepagesize:       2048 kB
Hugetlb:               0 kB
DirectMap4k:     3132216 kB
DirectMap2M:    40904704 kB
DirectMap1G:    25165824 kB

/sys/kernel/mm/transparent_hugepage/enabled: always [madvise] never
/sys/kernel/mm/transparent_hugepage/defrag (defrag/compaction efforts parameter): always defer defer+madvise [madvise] never

Process Memory:
Virtual Size: 5320796K (peak: 5355328K)
Resident Set Size: 760704K (peak: 797692K) (anon: 567044K, file: 193660K, shmem: 0K)
Swapped out: 0K
C-Heap outstanding allocations: 44243K, retained: 17500K
glibc malloc tunables: (default)

/proc/sys/kernel/threads-max (system-wide limit on the number of threads): 514406
/proc/sys/vm/max_map_count (maximum number of memory map areas a process may have): 65530
/proc/sys/kernel/pid_max (system-wide limit on number of process identifiers): 4194304

container (cgroup) information:
container_type: cgroupv1
cpu_cpuset_cpus: 2-7
cpu_memory_nodes: 0
active_processor_count: 1
cpu_quota: 50000
cpu_period: 100000
cpu_shares: 512
memory_limit_in_bytes: 1048576 k
memory_and_swap_limit_in_bytes: 1048576 k
memory_soft_limit_in_bytes: 524288 k
memory_usage_in_bytes: 632264 k
memory_max_usage_in_bytes: 659640 k
maximum number of tasks: 1000
current number of tasks: 49

KVM virtualization detected
Steal ticks since vm start: 0
Steal ticks percentage since vm start:  0.000

CPU: total 8 (initial active 1) (8 cores per cpu, 2 threads per core) family 23 model 49 stepping 0 microcode 0xffffffff, cx8, cmov, fxsr, ht, mmx, 3dnowpref, sse, sse2, sse3, ssse3, sse4a, sse4.1, sse4.2, popcnt, lzcnt, tsc, tscinvbit, avx, avx2, aes, clmul, bmi1, bmi2, adx, sha, fma, vzeroupper, clflush, clflushopt, hv
CPU Model and flags from /proc/cpuinfo:
model name	: AMD EPYC 7B12
flags		: fpu vme de pse tsc msr pae mce cx8 apic sep mtrr pge mca cmov pat pse36 clflush mmx fxsr sse sse2 ht syscall nx mmxext fxsr_opt pdpe1gb rdtscp lm constant_tsc rep_good nopl nonstop_tsc cpuid extd_apicid tsc_known_freq pni pclmulqdq ssse3 fma cx16 sse4_1 sse4_2 movbe popcnt aes xsave avx f16c rdrand hypervisor lahf_lm cmp_legacy cr8_legacy abm sse4a misalignsse 3dnowprefetch osvw topoext ssbd ibrs ibpb stibp vmmcall fsgsbase tsc_adjust bmi1 avx2 smep bmi2 rdseed adx smap clflushopt clwb sha_ni xsaveopt xsavec xgetbv1 clzero xsaveerptr arat npt nrip_save umip rdpid

Online cpus: 0-7
Offline cpus: 
BIOS frequency limitation: <Not Available>
Frequency switch latency (ns): <Not Available>
Available cpu frequencies: <Not Available>
Current governor: <Not Available>
Core performance/turbo boost: <Not Available>

Memory: 4k page, physical 1048576k(416304k free), swap 0k(0k free)
Page Sizes: 4k

vm_info: OpenJDK 64-Bit Server VM (17.0.5+8-jvmci-22.3-b08) for linux-amd64 JRE (17.0.5+8-jvmci-22.3-b08), built on Oct 19 2022 09:01:27 by "buildslave" with gcc 10.3.0

END.
